[ 2018-08-28T08:50:20+08:00 ] ::1 /youxuan/youxuan/
INFO: [ app_init ] --START--
INFO: Run Behavior\BuildLiteBehavior [ RunTime:0.000000s ]
INFO: [ app_init ] --END-- [ RunTime:0.006000s ]
INFO: [ app_begin ] --START--
INFO: Run Behavior\ReadHtmlCacheBehavior [ RunTime:0.002000s ]
INFO: [ app_begin ] --END-- [ RunTime:0.002000s ]

[ 2018-08-28T09:18:02+08:00 ] ::1 /youxuan/youxuan/
INFO: [ app_init ] --START--
INFO: Run Behavior\BuildLiteBehavior [ RunTime:0.000000s ]
INFO: [ app_init ] --END-- [ RunTime:0.001000s ]
INFO: [ app_begin ] --START--
INFO: Run Behavior\ReadHtmlCacheBehavior [ RunTime:0.001000s ]
INFO: [ app_begin ] --END-- [ RunTime:0.001000s ]

[ 2018-08-28T10:08:18+08:00 ] ::1 /youxuan/youxuan/
INFO: [ app_init ] --START--
INFO: Run Behavior\BuildLiteBehavior [ RunTime:0.000000s ]
INFO: [ app_init ] --END-- [ RunTime:0.001000s ]
INFO: [ app_begin ] --START--
INFO: Run Behavior\ReadHtmlCacheBehavior [ RunTime:0.001000s ]
INFO: [ app_begin ] --END-- [ RunTime:0.002000s ]

[ 2018-08-28T10:08:46+08:00 ] ::1 /youxuan/youxuan/
INFO: [ app_init ] --START--
INFO: Run Behavior\BuildLiteBehavior [ RunTime:0.000000s ]
INFO: [ app_init ] --END-- [ RunTime:0.002000s ]
INFO: [ app_begin ] --START--
INFO: Run Behavior\ReadHtmlCacheBehavior [ RunTime:0.001000s ]
INFO: [ app_begin ] --END-- [ RunTime:0.001000s ]

[ 2018-08-28T11:37:42+08:00 ] ::1 /youxuan/youxuan/index.php/Orderdetail/detail
INFO: [ app_init ] --START--
INFO: Run Behavior\BuildLiteBehavior [ RunTime:0.000000s ]
INFO: [ app_init ] --END-- [ RunTime:0.001000s ]
INFO: [ app_begin ] --START--
INFO: Run Behavior\ReadHtmlCacheBehavior [ RunTime:0.001000s ]
INFO: [ app_begin ] --END-- [ RunTime:0.001000s ]
ERR: SQLSTATE[HY000] [1045] Access denied for user 'web'@'localhost' (using password: YES)

[ 2018-08-28T11:38:06+08:00 ] ::1 /youxuan/youxuan/index.php/Orderdetail/
INFO: [ app_init ] --START--
INFO: Run Behavior\BuildLiteBehavior [ RunTime:0.000000s ]
INFO: [ app_init ] --END-- [ RunTime:0.001000s ]
INFO: [ app_begin ] --START--
INFO: Run Behavior\ReadHtmlCacheBehavior [ RunTime:0.001000s ]
INFO: [ app_begin ] --END-- [ RunTime:0.001000s ]
ERR: SQLSTATE[HY000] [1045] Access denied for user 'web'@'localhost' (using password: YES)

[ 2018-08-28T11:39:06+08:00 ] ::1 /youxuan/youxuan/index.php/Orderdetail/
INFO: [ app_init ] --START--
INFO: Run Behavior\BuildLiteBehavior [ RunTime:0.000000s ]
INFO: [ app_init ] --END-- [ RunTime:0.001000s ]
INFO: [ app_begin ] --START--
INFO: Run Behavior\ReadHtmlCacheBehavior [ RunTime:0.001000s ]
INFO: [ app_begin ] --END-- [ RunTime:0.001000s ]
SQL: SHOW COLUMNS FROM `yx_user` [ RunTime:0.0420s ]
SQL: SELECT * FROM `yx_user` WHERE `openid` = null LIMIT 1   [ RunTime:0.0420s ]
NOTIC: [8] Use of undefined constant count - assumed 'count' E:\mydemo\youxuan\youxuan\Home\Controller\OrderdetailController.class.php 第 31 行.
SQL: SHOW COLUMNS FROM `yx_shop` [ RunTime:0.0420s ]
ERR: 1064:You have an error in your SQL syntax; check the manual that corresponds to your MySQL server version for the right syntax to use near ') LIMIT 1' at line 1
 [ SQL语句 ] : SELECT `did`,`dname`,`dheaderimg`,`dphone`,`dpretime`,`dendtime`,`dsign`,`daddress` FROM `yx_shop` WHERE ( did= ) LIMIT 1  
ERR: 1064:You have an error in your SQL syntax; check the manual that corresponds to your MySQL server version for the right syntax to use near ') LIMIT 1' at line 1
 [ SQL语句 ] : SELECT `did`,`dname`,`dheaderimg`,`dphone`,`dpretime`,`dendtime`,`dsign`,`daddress` FROM `yx_shop` WHERE ( did= ) LIMIT 1  

[ 2018-08-28T11:39:11+08:00 ] ::1 /youxuan/youxuan/index.php/Orderdetail/detail
INFO: [ app_init ] --START--
INFO: Run Behavior\BuildLiteBehavior [ RunTime:0.000000s ]
INFO: [ app_init ] --END-- [ RunTime:0.001000s ]
INFO: [ app_begin ] --START--
INFO: Run Behavior\ReadHtmlCacheBehavior [ RunTime:0.001000s ]
INFO: [ app_begin ] --END-- [ RunTime:0.001000s ]
SQL: SHOW COLUMNS FROM `yx_order` [ RunTime:0.0400s ]
ERR: 1064:You have an error in your SQL syntax; check the manual that corresponds to your MySQL server version for the right syntax to use near ')' at line 1
 [ SQL语句 ] : SELECT * FROM `yx_order` WHERE ( onumber= ) 
ERR: 1064:You have an error in your SQL syntax; check the manual that corresponds to your MySQL server version for the right syntax to use near ')' at line 1
 [ SQL语句 ] : SELECT * FROM `yx_order` WHERE ( onumber= ) 

[ 2018-08-28T11:39:41+08:00 ] ::1 /youxuan/youxuan/index.php/Orderdetail/detail/ordernum/92125402620/total/0.03.html
INFO: [ app_init ] --START--
INFO: Run Behavior\BuildLiteBehavior [ RunTime:0.000000s ]
INFO: [ app_init ] --END-- [ RunTime:0.001000s ]
INFO: [ app_begin ] --START--
INFO: Run Behavior\ReadHtmlCacheBehavior [ RunTime:0.001001s ]
INFO: [ app_begin ] --END-- [ RunTime:0.001001s ]
SQL: SHOW COLUMNS FROM `yx_order` [ RunTime:0.0390s ]
SQL: SELECT * FROM `yx_order` WHERE ( onumber=92125402620 )  [ RunTime:0.0390s ]
SQL: SHOW COLUMNS FROM `yx_goods` [ RunTime:0.0390s ]
SQL: SELECT * FROM `yx_goods` WHERE ( gid=2 ) LIMIT 1   [ RunTime:0.0380s ]
SQL: SELECT * FROM `yx_goods` WHERE ( gid=5 ) LIMIT 1   [ RunTime:0.0370s ]
SQL: SELECT COUNT(*) AS tp_count FROM `yx_order` WHERE ( onumber=92125402620 ) LIMIT 1   [ RunTime:0.0380s ]
SQL: SHOW COLUMNS FROM `yx_user` [ RunTime:0.0390s ]
SQL: SELECT * FROM `yx_user` WHERE `uid` = 7 LIMIT 1   [ RunTime:0.0380s ]
SQL: SHOW COLUMNS FROM `yx_shop` [ RunTime:0.0390s ]
SQL: SELECT `did`,`dname`,`dheaderimg`,`dphone`,`dpretime`,`dendtime`,`dsign`,`daddress` FROM `yx_shop` WHERE ( did=5 ) LIMIT 1   [ RunTime:0.0380s ]
SQL: SHOW COLUMNS FROM `yx_configinfo` [ RunTime:0.0390s ]
SQL: SELECT * FROM `yx_configinfo` WHERE ( id=1 ) LIMIT 1   [ RunTime:0.0380s ]
INFO: [ view_parse ] --START--
INFO: [ template_filter ] --START--
INFO: Run Behavior\ContentReplaceBehavior [ RunTime:0.001000s ]
INFO: [ template_filter ] --END-- [ RunTime:0.001000s ]
NOTIC: [8] Undefined index: id E:\mydemo\youxuan\youxuan\Runtime\Cache\Home\83564f66fa3c817b95dfc36eaddaa991.php 第 45 行.
NOTIC: [8] Undefined index: id E:\mydemo\youxuan\youxuan\Runtime\Cache\Home\83564f66fa3c817b95dfc36eaddaa991.php 第 45 行.
INFO: Run Behavior\ParseTemplateBehavior [ RunTime:0.022001s ]
INFO: [ view_parse ] --END-- [ RunTime:0.022001s ]
INFO: [ view_filter ] --START--
INFO: Run Behavior\WriteHtmlCacheBehavior [ RunTime:0.001000s ]
INFO: [ view_filter ] --END-- [ RunTime:0.001000s ]
INFO: [ app_end ] --START--
INFO: Run Behavior\ShowPageTraceBehavior [ RunTime:0.002000s ]
INFO: [ app_end ] --END-- [ RunTime:0.002000s ]

[ 2018-08-28T11:41:56+08:00 ] ::1 /youxuan/youxuan/index.php/Orderdetail/detail/ordernum/92125402620/total/0.03.html
INFO: [ app_init ] --START--
INFO: Run Behavior\BuildLiteBehavior [ RunTime:0.000000s ]
INFO: [ app_init ] --END-- [ RunTime:0.001000s ]
INFO: [ app_begin ] --START--
INFO: Run Behavior\ReadHtmlCacheBehavior [ RunTime:0.005001s ]
INFO: [ app_begin ] --END-- [ RunTime:0.005001s ]
SQL: SHOW COLUMNS FROM `yx_order` [ RunTime:0.0400s ]
SQL: SELECT * FROM `yx_order` WHERE ( onumber=92125402620 )  [ RunTime:0.0400s ]
SQL: SHOW COLUMNS FROM `yx_goods` [ RunTime:0.0400s ]
SQL: SELECT * FROM `yx_goods` WHERE ( gid=2 ) LIMIT 1   [ RunTime:0.0400s ]
SQL: SELECT * FROM `yx_goods` WHERE ( gid=5 ) LIMIT 1   [ RunTime:0.0390s ]
SQL: SELECT COUNT(*) AS tp_count FROM `yx_order` WHERE ( onumber=92125402620 ) LIMIT 1   [ RunTime:0.0410s ]
SQL: SHOW COLUMNS FROM `yx_user` [ RunTime:0.0400s ]
SQL: SELECT * FROM `yx_user` WHERE `uid` = 7 LIMIT 1   [ RunTime:0.0390s ]
SQL: SHOW COLUMNS FROM `yx_shop` [ RunTime:0.0390s ]
SQL: SELECT `did`,`dname`,`dheaderimg`,`dphone`,`dpretime`,`dendtime`,`dsign`,`daddress` FROM `yx_shop` WHERE ( did=5 ) LIMIT 1   [ RunTime:0.0390s ]
SQL: SHOW COLUMNS FROM `yx_configinfo` [ RunTime:0.0400s ]
SQL: SELECT * FROM `yx_configinfo` WHERE ( id=1 ) LIMIT 1   [ RunTime:0.0390s ]
INFO: [ view_parse ] --START--
INFO: [ template_filter ] --START--
INFO: Run Behavior\ContentReplaceBehavior [ RunTime:0.000000s ]
INFO: [ template_filter ] --END-- [ RunTime:0.000000s ]
NOTIC: [8] Undefined index: id E:\mydemo\youxuan\youxuan\Runtime\Cache\Home\83564f66fa3c817b95dfc36eaddaa991.php 第 52 行.
NOTIC: [8] Undefined index: id E:\mydemo\youxuan\youxuan\Runtime\Cache\Home\83564f66fa3c817b95dfc36eaddaa991.php 第 52 行.
INFO: Run Behavior\ParseTemplateBehavior [ RunTime:0.016001s ]
INFO: [ view_parse ] --END-- [ RunTime:0.016001s ]
INFO: [ view_filter ] --START--
INFO: Run Behavior\WriteHtmlCacheBehavior [ RunTime:0.001000s ]
INFO: [ view_filter ] --END-- [ RunTime:0.001000s ]
INFO: [ app_end ] --START--
INFO: Run Behavior\ShowPageTraceBehavior [ RunTime:0.002000s ]
INFO: [ app_end ] --END-- [ RunTime:0.002000s ]

[ 2018-08-28T11:42:38+08:00 ] ::1 /youxuan/youxuan/index.php/Orderdetail/detail/ordernum/92125402620/total/0.03.html
INFO: [ app_init ] --START--
INFO: Run Behavior\BuildLiteBehavior [ RunTime:0.001000s ]
INFO: [ app_init ] --END-- [ RunTime:0.001000s ]
INFO: [ app_begin ] --START--
INFO: Run Behavior\ReadHtmlCacheBehavior [ RunTime:0.001000s ]
INFO: [ app_begin ] --END-- [ RunTime:0.001000s ]
SQL: SHOW COLUMNS FROM `yx_order` [ RunTime:0.0420s ]
SQL: SELECT * FROM `yx_order` WHERE ( onumber=92125402620 )  [ RunTime:0.0380s ]
SQL: SHOW COLUMNS FROM `yx_goods` [ RunTime:0.0390s ]
SQL: SELECT * FROM `yx_goods` WHERE ( gid=2 ) LIMIT 1   [ RunTime:0.0380s ]
SQL: SELECT * FROM `yx_goods` WHERE ( gid=5 ) LIMIT 1   [ RunTime:0.0390s ]
SQL: SELECT COUNT(*) AS tp_count FROM `yx_order` WHERE ( onumber=92125402620 ) LIMIT 1   [ RunTime:0.0390s ]
SQL: SHOW COLUMNS FROM `yx_user` [ RunTime:0.0380s ]
SQL: SELECT * FROM `yx_user` WHERE `uid` = 7 LIMIT 1   [ RunTime:0.0380s ]
SQL: SHOW COLUMNS FROM `yx_shop` [ RunTime:0.0420s ]
SQL: SELECT `did`,`dname`,`dheaderimg`,`dphone`,`dpretime`,`dendtime`,`dsign`,`daddress` FROM `yx_shop` WHERE ( did=5 ) LIMIT 1   [ RunTime:0.0420s ]
SQL: SHOW COLUMNS FROM `yx_configinfo` [ RunTime:0.0390s ]
SQL: SELECT * FROM `yx_configinfo` WHERE ( id=1 ) LIMIT 1   [ RunTime:0.0380s ]
INFO: [ view_parse ] --START--
INFO: [ template_filter ] --START--
INFO: Run Behavior\ContentReplaceBehavior [ RunTime:0.000000s ]
INFO: [ template_filter ] --END-- [ RunTime:0.000000s ]
NOTIC: [8] Undefined index: id E:\mydemo\youxuan\youxuan\Runtime\Cache\Home\83564f66fa3c817b95dfc36eaddaa991.php 第 52 行.
NOTIC: [8] Undefined index: id E:\mydemo\youxuan\youxuan\Runtime\Cache\Home\83564f66fa3c817b95dfc36eaddaa991.php 第 52 行.
INFO: Run Behavior\ParseTemplateBehavior [ RunTime:0.017001s ]
INFO: [ view_parse ] --END-- [ RunTime:0.017001s ]
INFO: [ view_filter ] --START--
INFO: Run Behavior\WriteHtmlCacheBehavior [ RunTime:0.001000s ]
INFO: [ view_filter ] --END-- [ RunTime:0.001000s ]
INFO: [ app_end ] --START--
INFO: Run Behavior\ShowPageTraceBehavior [ RunTime:0.001000s ]
INFO: [ app_end ] --END-- [ RunTime:0.001000s ]

[ 2018-08-28T11:42:50+08:00 ] ::1 /youxuan/youxuan/index.php/Orderdetail/detail/ordernum/92125402620/total/0.03.html
INFO: [ app_init ] --START--
INFO: Run Behavior\BuildLiteBehavior [ RunTime:0.000000s ]
INFO: [ app_init ] --END-- [ RunTime:0.001000s ]
INFO: [ app_begin ] --START--
INFO: Run Behavior\ReadHtmlCacheBehavior [ RunTime:0.001001s ]
INFO: [ app_begin ] --END-- [ RunTime:0.001001s ]
SQL: SHOW COLUMNS FROM `yx_order` [ RunTime:0.0380s ]
SQL: SELECT * FROM `yx_order` WHERE ( onumber=92125402620 )  [ RunTime:0.0380s ]
SQL: SHOW COLUMNS FROM `yx_goods` [ RunTime:0.0390s ]
SQL: SELECT * FROM `yx_goods` WHERE ( gid=2 ) LIMIT 1   [ RunTime:0.0370s ]
SQL: SELECT * FROM `yx_goods` WHERE ( gid=5 ) LIMIT 1   [ RunTime:0.0380s ]
SQL: SELECT COUNT(*) AS tp_count FROM `yx_order` WHERE ( onumber=92125402620 ) LIMIT 1   [ RunTime:0.0370s ]
SQL: SHOW COLUMNS FROM `yx_user` [ RunTime:0.0380s ]
SQL: SELECT * FROM `yx_user` WHERE `uid` = 7 LIMIT 1   [ RunTime:0.0370s ]
SQL: SHOW COLUMNS FROM `yx_shop` [ RunTime:0.0380s ]
SQL: SELECT `did`,`dname`,`dheaderimg`,`dphone`,`dpretime`,`dendtime`,`dsign`,`daddress` FROM `yx_shop` WHERE ( did=5 ) LIMIT 1   [ RunTime:0.0370s ]
SQL: SHOW COLUMNS FROM `yx_configinfo` [ RunTime:0.0380s ]
SQL: SELECT * FROM `yx_configinfo` WHERE ( id=1 ) LIMIT 1   [ RunTime:0.0370s ]
INFO: [ view_parse ] --START--
INFO: [ template_filter ] --START--
INFO: Run Behavior\ContentReplaceBehavior [ RunTime:0.000000s ]
INFO: [ template_filter ] --END-- [ RunTime:0.000000s ]
NOTIC: [8] Undefined index: id E:\mydemo\youxuan\youxuan\Runtime\Cache\Home\83564f66fa3c817b95dfc36eaddaa991.php 第 52 行.
NOTIC: [8] Undefined index: id E:\mydemo\youxuan\youxuan\Runtime\Cache\Home\83564f66fa3c817b95dfc36eaddaa991.php 第 52 行.
INFO: Run Behavior\ParseTemplateBehavior [ RunTime:0.018001s ]
INFO: [ view_parse ] --END-- [ RunTime:0.018001s ]
INFO: [ view_filter ] --START--
INFO: Run Behavior\WriteHtmlCacheBehavior [ RunTime:0.001000s ]
INFO: [ view_filter ] --END-- [ RunTime:0.001000s ]
INFO: [ app_end ] --START--
INFO: Run Behavior\ShowPageTraceBehavior [ RunTime:0.001000s ]
INFO: [ app_end ] --END-- [ RunTime:0.001000s ]

[ 2018-08-28T11:43:37+08:00 ] ::1 /youxuan/youxuan/index.php/Orderdetail/detail/ordernum/92125402620/total/0.03.html
INFO: [ app_init ] --START--
INFO: Run Behavior\BuildLiteBehavior [ RunTime:0.000000s ]
INFO: [ app_init ] --END-- [ RunTime:0.001000s ]
INFO: [ app_begin ] --START--
INFO: Run Behavior\ReadHtmlCacheBehavior [ RunTime:0.001000s ]
INFO: [ app_begin ] --END-- [ RunTime:0.002000s ]
SQL: SHOW COLUMNS FROM `yx_order` [ RunTime:0.0390s ]
SQL: SELECT * FROM `yx_order` WHERE ( onumber=92125402620 )  [ RunTime:0.0380s ]
SQL: SHOW COLUMNS FROM `yx_goods` [ RunTime:0.0380s ]
SQL: SELECT * FROM `yx_goods` WHERE ( gid=2 ) LIMIT 1   [ RunTime:0.0380s ]
SQL: SELECT * FROM `yx_goods` WHERE ( gid=5 ) LIMIT 1   [ RunTime:0.0380s ]
SQL: SELECT COUNT(*) AS tp_count FROM `yx_order` WHERE ( onumber=92125402620 ) LIMIT 1   [ RunTime:0.0380s ]
SQL: SHOW COLUMNS FROM `yx_user` [ RunTime:0.0390s ]
SQL: SELECT * FROM `yx_user` WHERE `uid` = 7 LIMIT 1   [ RunTime:0.0380s ]
SQL: SHOW COLUMNS FROM `yx_shop` [ RunTime:0.0390s ]
SQL: SELECT `did`,`dname`,`dheaderimg`,`dphone`,`dpretime`,`dendtime`,`dsign`,`daddress` FROM `yx_shop` WHERE ( did=5 ) LIMIT 1   [ RunTime:0.0390s ]
SQL: SHOW COLUMNS FROM `yx_configinfo` [ RunTime:0.0390s ]
SQL: SELECT * FROM `yx_configinfo` WHERE ( id=1 ) LIMIT 1   [ RunTime:0.0380s ]
INFO: [ view_parse ] --START--
INFO: [ template_filter ] --START--
INFO: Run Behavior\ContentReplaceBehavior [ RunTime:0.000000s ]
INFO: [ template_filter ] --END-- [ RunTime:0.000000s ]
NOTIC: [8] Undefined index: id E:\mydemo\youxuan\youxuan\Runtime\Cache\Home\83564f66fa3c817b95dfc36eaddaa991.php 第 52 行.
NOTIC: [8] Undefined index: id E:\mydemo\youxuan\youxuan\Runtime\Cache\Home\83564f66fa3c817b95dfc36eaddaa991.php 第 52 行.
INFO: Run Behavior\ParseTemplateBehavior [ RunTime:0.014000s ]
INFO: [ view_parse ] --END-- [ RunTime:0.014000s ]
INFO: [ view_filter ] --START--
INFO: Run Behavior\WriteHtmlCacheBehavior [ RunTime:0.001000s ]
INFO: [ view_filter ] --END-- [ RunTime:0.001000s ]
INFO: [ app_end ] --START--
INFO: Run Behavior\ShowPageTraceBehavior [ RunTime:0.001000s ]
INFO: [ app_end ] --END-- [ RunTime:0.001000s ]

[ 2018-08-28T11:43:54+08:00 ] ::1 /youxuan/youxuan/index.php/Orderdetail/detail/ordernum/92125402620/total/0.03.html
INFO: [ app_init ] --START--
INFO: Run Behavior\BuildLiteBehavior [ RunTime:0.000000s ]
INFO: [ app_init ] --END-- [ RunTime:0.001000s ]
INFO: [ app_begin ] --START--
INFO: Run Behavior\ReadHtmlCacheBehavior [ RunTime:0.001000s ]
INFO: [ app_begin ] --END-- [ RunTime:0.001000s ]
SQL: SHOW COLUMNS FROM `yx_order` [ RunTime:0.0390s ]
SQL: SELECT * FROM `yx_order` WHERE ( onumber=92125402620 )  [ RunTime:0.0380s ]
SQL: SHOW COLUMNS FROM `yx_goods` [ RunTime:0.0380s ]
SQL: SELECT * FROM `yx_goods` WHERE ( gid=2 ) LIMIT 1   [ RunTime:0.0380s ]
SQL: SELECT * FROM `yx_goods` WHERE ( gid=5 ) LIMIT 1   [ RunTime:0.0380s ]
SQL: SELECT COUNT(*) AS tp_count FROM `yx_order` WHERE ( onumber=92125402620 ) LIMIT 1   [ RunTime:0.0390s ]
SQL: SHOW COLUMNS FROM `yx_user` [ RunTime:0.0380s ]
SQL: SELECT * FROM `yx_user` WHERE `uid` = 7 LIMIT 1   [ RunTime:0.0390s ]
SQL: SHOW COLUMNS FROM `yx_shop` [ RunTime:0.0380s ]
SQL: SELECT `did`,`dname`,`dheaderimg`,`dphone`,`dpretime`,`dendtime`,`dsign`,`daddress` FROM `yx_shop` WHERE ( did=5 ) LIMIT 1   [ RunTime:0.0380s ]
SQL: SHOW COLUMNS FROM `yx_configinfo` [ RunTime:0.0390s ]
SQL: SELECT * FROM `yx_configinfo` WHERE ( id=1 ) LIMIT 1   [ RunTime:0.0380s ]
INFO: [ view_parse ] --START--
INFO: [ template_filter ] --START--
INFO: Run Behavior\ContentReplaceBehavior [ RunTime:0.000000s ]
INFO: [ template_filter ] --END-- [ RunTime:0.000000s ]
NOTIC: [8] Undefined index: id E:\mydemo\youxuan\youxuan\Runtime\Cache\Home\83564f66fa3c817b95dfc36eaddaa991.php 第 52 行.
NOTIC: [8] Undefined index: id E:\mydemo\youxuan\youxuan\Runtime\Cache\Home\83564f66fa3c817b95dfc36eaddaa991.php 第 52 行.
INFO: Run Behavior\ParseTemplateBehavior [ RunTime:0.013001s ]
INFO: [ view_parse ] --END-- [ RunTime:0.013001s ]
INFO: [ view_filter ] --START--
INFO: Run Behavior\WriteHtmlCacheBehavior [ RunTime:0.001000s ]
INFO: [ view_filter ] --END-- [ RunTime:0.001000s ]
INFO: [ app_end ] --START--
INFO: Run Behavior\ShowPageTraceBehavior [ RunTime:0.002000s ]
INFO: [ app_end ] --END-- [ RunTime:0.002000s ]

[ 2018-08-28T11:44:34+08:00 ] ::1 /youxuan/youxuan/index.php/Orderdetail/detail/ordernum/92125402620/total/0.03.html
INFO: [ app_init ] --START--
INFO: Run Behavior\BuildLiteBehavior [ RunTime:0.000000s ]
INFO: [ app_init ] --END-- [ RunTime:0.000000s ]
INFO: [ app_begin ] --START--
INFO: Run Behavior\ReadHtmlCacheBehavior [ RunTime:0.001000s ]
INFO: [ app_begin ] --END-- [ RunTime:0.001000s ]
SQL: SHOW COLUMNS FROM `yx_order` [ RunTime:0.0430s ]
SQL: SELECT * FROM `yx_order` WHERE ( onumber=92125402620 )  [ RunTime:0.0420s ]
SQL: SHOW COLUMNS FROM `yx_goods` [ RunTime:0.0440s ]
SQL: SELECT * FROM `yx_goods` WHERE ( gid=2 ) LIMIT 1   [ RunTime:0.0430s ]
SQL: SELECT * FROM `yx_goods` WHERE ( gid=5 ) LIMIT 1   [ RunTime:0.0430s ]
SQL: SELECT COUNT(*) AS tp_count FROM `yx_order` WHERE ( onumber=92125402620 ) LIMIT 1   [ RunTime:0.0420s ]
SQL: SHOW COLUMNS FROM `yx_user` [ RunTime:0.0440s ]
SQL: SELECT * FROM `yx_user` WHERE `uid` = 7 LIMIT 1   [ RunTime:0.0420s ]
SQL: SHOW COLUMNS FROM `yx_shop` [ RunTime:0.0430s ]
SQL: SELECT `did`,`dname`,`dheaderimg`,`dphone`,`dpretime`,`dendtime`,`dsign`,`daddress` FROM `yx_shop` WHERE ( did=5 ) LIMIT 1   [ RunTime:0.0420s ]
SQL: SHOW COLUMNS FROM `yx_configinfo` [ RunTime:0.0440s ]
SQL: SELECT * FROM `yx_configinfo` WHERE ( id=1 ) LIMIT 1   [ RunTime:0.0430s ]
INFO: [ view_parse ] --START--
INFO: [ template_filter ] --START--
INFO: Run Behavior\ContentReplaceBehavior [ RunTime:0.000000s ]
INFO: [ template_filter ] --END-- [ RunTime:0.000000s ]
NOTIC: [8] Undefined index: id E:\mydemo\youxuan\youxuan\Runtime\Cache\Home\83564f66fa3c817b95dfc36eaddaa991.php 第 52 行.
NOTIC: [8] Undefined index: id E:\mydemo\youxuan\youxuan\Runtime\Cache\Home\83564f66fa3c817b95dfc36eaddaa991.php 第 52 行.
INFO: Run Behavior\ParseTemplateBehavior [ RunTime:0.012001s ]
INFO: [ view_parse ] --END-- [ RunTime:0.012001s ]
INFO: [ view_filter ] --START--
INFO: Run Behavior\WriteHtmlCacheBehavior [ RunTime:0.001000s ]
INFO: [ view_filter ] --END-- [ RunTime:0.001000s ]
INFO: [ app_end ] --START--
INFO: Run Behavior\ShowPageTraceBehavior [ RunTime:0.001000s ]
INFO: [ app_end ] --END-- [ RunTime:0.001000s ]

[ 2018-08-28T11:45:38+08:00 ] ::1 /youxuan/youxuan/index.php/Orderdetail/detail/ordernum/92125402620/total/0.03.html
INFO: [ app_init ] --START--
INFO: Run Behavior\BuildLiteBehavior [ RunTime:0.000000s ]
INFO: [ app_init ] --END-- [ RunTime:0.000000s ]
INFO: [ app_begin ] --START--
INFO: Run Behavior\ReadHtmlCacheBehavior [ RunTime:0.001000s ]
INFO: [ app_begin ] --END-- [ RunTime:0.001000s ]
SQL: SHOW COLUMNS FROM `yx_order` [ RunTime:0.0400s ]
SQL: SELECT * FROM `yx_order` WHERE ( onumber=92125402620 )  [ RunTime:0.0390s ]
SQL: SHOW COLUMNS FROM `yx_goods` [ RunTime:0.0380s ]
SQL: SELECT * FROM `yx_goods` WHERE ( gid=2 ) LIMIT 1   [ RunTime:0.0370s ]
SQL: SELECT * FROM `yx_goods` WHERE ( gid=5 ) LIMIT 1   [ RunTime:0.0370s ]
SQL: SELECT COUNT(*) AS tp_count FROM `yx_order` WHERE ( onumber=92125402620 ) LIMIT 1   [ RunTime:0.0390s ]
SQL: SHOW COLUMNS FROM `yx_user` [ RunTime:0.0370s ]
SQL: SELECT * FROM `yx_user` WHERE `uid` = 7 LIMIT 1   [ RunTime:0.0380s ]
SQL: SHOW COLUMNS FROM `yx_shop` [ RunTime:0.0370s ]
SQL: SELECT `did`,`dname`,`dheaderimg`,`dphone`,`dpretime`,`dendtime`,`dsign`,`daddress` FROM `yx_shop` WHERE ( did=5 ) LIMIT 1   [ RunTime:0.0370s ]
SQL: SHOW COLUMNS FROM `yx_configinfo` [ RunTime:0.0370s ]
SQL: SELECT * FROM `yx_configinfo` WHERE ( id=1 ) LIMIT 1   [ RunTime:0.0370s ]
INFO: [ view_parse ] --START--
INFO: [ template_filter ] --START--
INFO: Run Behavior\ContentReplaceBehavior [ RunTime:0.000000s ]
INFO: [ template_filter ] --END-- [ RunTime:0.000000s ]
NOTIC: [8] Undefined index: id E:\mydemo\youxuan\youxuan\Runtime\Cache\Home\83564f66fa3c817b95dfc36eaddaa991.php 第 52 行.
NOTIC: [8] Undefined index: id E:\mydemo\youxuan\youxuan\Runtime\Cache\Home\83564f66fa3c817b95dfc36eaddaa991.php 第 52 行.
INFO: Run Behavior\ParseTemplateBehavior [ RunTime:0.013000s ]
INFO: [ view_parse ] --END-- [ RunTime:0.013000s ]
INFO: [ view_filter ] --START--
INFO: Run Behavior\WriteHtmlCacheBehavior [ RunTime:0.001000s ]
INFO: [ view_filter ] --END-- [ RunTime:0.001000s ]
INFO: [ app_end ] --START--
INFO: Run Behavior\ShowPageTraceBehavior [ RunTime:0.002001s ]
INFO: [ app_end ] --END-- [ RunTime:0.002001s ]

[ 2018-08-28T11:46:54+08:00 ] ::1 /youxuan/youxuan/index.php/Orderdetail/detail/ordernum/92125402620/total/0.03.html
INFO: [ app_init ] --START--
INFO: Run Behavior\BuildLiteBehavior [ RunTime:0.000000s ]
INFO: [ app_init ] --END-- [ RunTime:0.002001s ]
INFO: [ app_begin ] --START--
INFO: Run Behavior\ReadHtmlCacheBehavior [ RunTime:0.001000s ]
INFO: [ app_begin ] --END-- [ RunTime:0.001000s ]
SQL: SHOW COLUMNS FROM `yx_order` [ RunTime:0.0380s ]
SQL: SELECT * FROM `yx_order` WHERE ( onumber=92125402620 )  [ RunTime:0.0370s ]
SQL: SHOW COLUMNS FROM `yx_goods` [ RunTime:0.0370s ]
SQL: SELECT * FROM `yx_goods` WHERE ( gid=2 ) LIMIT 1   [ RunTime:0.0370s ]
SQL: SELECT * FROM `yx_goods` WHERE ( gid=5 ) LIMIT 1   [ RunTime:0.0370s ]
SQL: SELECT COUNT(*) AS tp_count FROM `yx_order` WHERE ( onumber=92125402620 ) LIMIT 1   [ RunTime:0.0370s ]
SQL: SHOW COLUMNS FROM `yx_user` [ RunTime:0.0370s ]
SQL: SELECT * FROM `yx_user` WHERE `uid` = 7 LIMIT 1   [ RunTime:0.0360s ]
SQL: SHOW COLUMNS FROM `yx_shop` [ RunTime:0.0380s ]
SQL: SELECT `did`,`dname`,`dheaderimg`,`dphone`,`dpretime`,`dendtime`,`dsign`,`daddress` FROM `yx_shop` WHERE ( did=5 ) LIMIT 1   [ RunTime:0.0370s ]
SQL: SHOW COLUMNS FROM `yx_configinfo` [ RunTime:0.0380s ]
SQL: SELECT * FROM `yx_configinfo` WHERE ( id=1 ) LIMIT 1   [ RunTime:0.0370s ]
INFO: [ view_parse ] --START--
INFO: [ template_filter ] --START--
INFO: Run Behavior\ContentReplaceBehavior [ RunTime:0.000000s ]
INFO: [ template_filter ] --END-- [ RunTime:0.000000s ]
NOTIC: [8] Undefined index: id E:\mydemo\youxuan\youxuan\Runtime\Cache\Home\83564f66fa3c817b95dfc36eaddaa991.php 第 52 行.
NOTIC: [8] Undefined index: id E:\mydemo\youxuan\youxuan\Runtime\Cache\Home\83564f66fa3c817b95dfc36eaddaa991.php 第 52 行.
INFO: Run Behavior\ParseTemplateBehavior [ RunTime:0.013001s ]
INFO: [ view_parse ] --END-- [ RunTime:0.013001s ]
INFO: [ view_filter ] --START--
INFO: Run Behavior\WriteHtmlCacheBehavior [ RunTime:0.001000s ]
INFO: [ view_filter ] --END-- [ RunTime:0.001000s ]
INFO: [ app_end ] --START--
INFO: Run Behavior\ShowPageTraceBehavior [ RunTime:0.002000s ]
INFO: [ app_end ] --END-- [ RunTime:0.002000s ]

[ 2018-08-28T11:47:02+08:00 ] ::1 /youxuan/youxuan/index.php/Orderdetail/detail/ordernum/92125402620/total/0.03.html
INFO: [ app_init ] --START--
INFO: Run Behavior\BuildLiteBehavior [ RunTime:0.000000s ]
INFO: [ app_init ] --END-- [ RunTime:0.001000s ]
INFO: [ app_begin ] --START--
INFO: Run Behavior\ReadHtmlCacheBehavior [ RunTime:0.002000s ]
INFO: [ app_begin ] --END-- [ RunTime:0.002000s ]
SQL: SHOW COLUMNS FROM `yx_order` [ RunTime:0.0410s ]
SQL: SELECT * FROM `yx_order` WHERE ( onumber=92125402620 )  [ RunTime:0.0420s ]
SQL: SHOW COLUMNS FROM `yx_goods` [ RunTime:0.0420s ]
SQL: SELECT * FROM `yx_goods` WHERE ( gid=2 ) LIMIT 1   [ RunTime:0.0410s ]
SQL: SELECT * FROM `yx_goods` WHERE ( gid=5 ) LIMIT 1   [ RunTime:0.0420s ]
SQL: SELECT COUNT(*) AS tp_count FROM `yx_order` WHERE ( onumber=92125402620 ) LIMIT 1   [ RunTime:0.0410s ]
SQL: SHOW COLUMNS FROM `yx_user` [ RunTime:0.0410s ]
SQL: SELECT * FROM `yx_user` WHERE `uid` = 7 LIMIT 1   [ RunTime:0.0430s ]
SQL: SHOW COLUMNS FROM `yx_shop` [ RunTime:0.0420s ]
SQL: SELECT `did`,`dname`,`dheaderimg`,`dphone`,`dpretime`,`dendtime`,`dsign`,`daddress` FROM `yx_shop` WHERE ( did=5 ) LIMIT 1   [ RunTime:0.0420s ]
SQL: SHOW COLUMNS FROM `yx_configinfo` [ RunTime:0.0420s ]
SQL: SELECT * FROM `yx_configinfo` WHERE ( id=1 ) LIMIT 1   [ RunTime:0.0410s ]
INFO: [ view_parse ] --START--
INFO: [ template_filter ] --START--
INFO: Run Behavior\ContentReplaceBehavior [ RunTime:0.001000s ]
INFO: [ template_filter ] --END-- [ RunTime:0.001000s ]
NOTIC: [8] Undefined index: id E:\mydemo\youxuan\youxuan\Runtime\Cache\Home\83564f66fa3c817b95dfc36eaddaa991.php 第 52 行.
NOTIC: [8] Undefined index: id E:\mydemo\youxuan\youxuan\Runtime\Cache\Home\83564f66fa3c817b95dfc36eaddaa991.php 第 52 行.
INFO: Run Behavior\ParseTemplateBehavior [ RunTime:0.013001s ]
INFO: [ view_parse ] --END-- [ RunTime:0.013001s ]
INFO: [ view_filter ] --START--
INFO: Run Behavior\WriteHtmlCacheBehavior [ RunTime:0.001000s ]
INFO: [ view_filter ] --END-- [ RunTime:0.001000s ]
INFO: [ app_end ] --START--
INFO: Run Behavior\ShowPageTraceBehavior [ RunTime:0.002000s ]
INFO: [ app_end ] --END-- [ RunTime:0.002000s ]

[ 2018-08-28T11:47:11+08:00 ] ::1 /youxuan/youxuan/index.php/Orderdetail/detail/ordernum/92125402620/total/0.03.html
INFO: [ app_init ] --START--
INFO: Run Behavior\BuildLiteBehavior [ RunTime:0.000000s ]
INFO: [ app_init ] --END-- [ RunTime:0.001000s ]
INFO: [ app_begin ] --START--
INFO: Run Behavior\ReadHtmlCacheBehavior [ RunTime:0.001000s ]
INFO: [ app_begin ] --END-- [ RunTime:0.001000s ]
SQL: SHOW COLUMNS FROM `yx_order` [ RunTime:0.0440s ]
SQL: SELECT * FROM `yx_order` WHERE ( onumber=92125402620 )  [ RunTime:0.0430s ]
SQL: SHOW COLUMNS FROM `yx_goods` [ RunTime:0.0420s ]
SQL: SELECT * FROM `yx_goods` WHERE ( gid=2 ) LIMIT 1   [ RunTime:0.0430s ]
SQL: SELECT * FROM `yx_goods` WHERE ( gid=5 ) LIMIT 1   [ RunTime:0.0420s ]
SQL: SELECT COUNT(*) AS tp_count FROM `yx_order` WHERE ( onumber=92125402620 ) LIMIT 1   [ RunTime:0.0450s ]
SQL: SHOW COLUMNS FROM `yx_user` [ RunTime:0.0420s ]
SQL: SELECT * FROM `yx_user` WHERE `uid` = 7 LIMIT 1   [ RunTime:0.0430s ]
SQL: SHOW COLUMNS FROM `yx_shop` [ RunTime:0.0420s ]
SQL: SELECT `did`,`dname`,`dheaderimg`,`dphone`,`dpretime`,`dendtime`,`dsign`,`daddress` FROM `yx_shop` WHERE ( did=5 ) LIMIT 1   [ RunTime:0.0420s ]
SQL: SHOW COLUMNS FROM `yx_configinfo` [ RunTime:0.0420s ]
SQL: SELECT * FROM `yx_configinfo` WHERE ( id=1 ) LIMIT 1   [ RunTime:0.0440s ]
INFO: [ view_parse ] --START--
INFO: [ template_filter ] --START--
INFO: Run Behavior\ContentReplaceBehavior [ RunTime:0.000000s ]
INFO: [ template_filter ] --END-- [ RunTime:0.000000s ]
NOTIC: [8] Undefined index: id E:\mydemo\youxuan\youxuan\Runtime\Cache\Home\83564f66fa3c817b95dfc36eaddaa991.php 第 52 行.
NOTIC: [8] Undefined index: id E:\mydemo\youxuan\youxuan\Runtime\Cache\Home\83564f66fa3c817b95dfc36eaddaa991.php 第 52 行.
INFO: Run Behavior\ParseTemplateBehavior [ RunTime:0.012001s ]
INFO: [ view_parse ] --END-- [ RunTime:0.012001s ]
INFO: [ view_filter ] --START--
INFO: Run Behavior\WriteHtmlCacheBehavior [ RunTime:0.003000s ]
INFO: [ view_filter ] --END-- [ RunTime:0.003000s ]
INFO: [ app_end ] --START--
INFO: Run Behavior\ShowPageTraceBehavior [ RunTime:0.001000s ]
INFO: [ app_end ] --END-- [ RunTime:0.001000s ]

[ 2018-08-28T11:47:25+08:00 ] ::1 /youxuan/youxuan/index.php/Orderdetail/detail/ordernum/92125402620/total/0.03.html
INFO: [ app_init ] --START--
INFO: Run Behavior\BuildLiteBehavior [ RunTime:0.000000s ]
INFO: [ app_init ] --END-- [ RunTime:0.001000s ]
INFO: [ app_begin ] --START--
INFO: Run Behavior\ReadHtmlCacheBehavior [ RunTime:0.001000s ]
INFO: [ app_begin ] --END-- [ RunTime:0.001000s ]
SQL: SHOW COLUMNS FROM `yx_order` [ RunTime:0.0420s ]
SQL: SELECT * FROM `yx_order` WHERE ( onumber=92125402620 )  [ RunTime:0.0420s ]
SQL: SHOW COLUMNS FROM `yx_goods` [ RunTime:0.0420s ]
SQL: SELECT * FROM `yx_goods` WHERE ( gid=2 ) LIMIT 1   [ RunTime:0.0410s ]
SQL: SELECT * FROM `yx_goods` WHERE ( gid=5 ) LIMIT 1   [ RunTime:0.0420s ]
SQL: SELECT COUNT(*) AS tp_count FROM `yx_order` WHERE ( onumber=92125402620 ) LIMIT 1   [ RunTime:0.0410s ]
SQL: SHOW COLUMNS FROM `yx_user` [ RunTime:0.0420s ]
SQL: SELECT * FROM `yx_user` WHERE `uid` = 7 LIMIT 1   [ RunTime:0.0420s ]
SQL: SHOW COLUMNS FROM `yx_shop` [ RunTime:0.0420s ]
SQL: SELECT `did`,`dname`,`dheaderimg`,`dphone`,`dpretime`,`dendtime`,`dsign`,`daddress` FROM `yx_shop` WHERE ( did=5 ) LIMIT 1   [ RunTime:0.0410s ]
SQL: SHOW COLUMNS FROM `yx_configinfo` [ RunTime:0.0420s ]
SQL: SELECT * FROM `yx_configinfo` WHERE ( id=1 ) LIMIT 1   [ RunTime:0.0410s ]
INFO: [ view_parse ] --START--
INFO: [ template_filter ] --START--
INFO: Run Behavior\ContentReplaceBehavior [ RunTime:0.000000s ]
INFO: [ template_filter ] --END-- [ RunTime:0.000000s ]
NOTIC: [8] Undefined index: id E:\mydemo\youxuan\youxuan\Runtime\Cache\Home\83564f66fa3c817b95dfc36eaddaa991.php 第 52 行.
NOTIC: [8] Undefined index: id E:\mydemo\youxuan\youxuan\Runtime\Cache\Home\83564f66fa3c817b95dfc36eaddaa991.php 第 52 行.
INFO: Run Behavior\ParseTemplateBehavior [ RunTime:0.015000s ]
INFO: [ view_parse ] --END-- [ RunTime:0.015000s ]
INFO: [ view_filter ] --START--
INFO: Run Behavior\WriteHtmlCacheBehavior [ RunTime:0.001001s ]
INFO: [ view_filter ] --END-- [ RunTime:0.001001s ]
INFO: [ app_end ] --START--
INFO: Run Behavior\ShowPageTraceBehavior [ RunTime:0.002000s ]
INFO: [ app_end ] --END-- [ RunTime:0.002000s ]

[ 2018-08-28T11:47:30+08:00 ] ::1 /youxuan/youxuan/index.php/Orderdetail/detail/ordernum/92125402620/total/0.03.html
INFO: [ app_init ] --START--
INFO: Run Behavior\BuildLiteBehavior [ RunTime:0.000000s ]
INFO: [ app_init ] --END-- [ RunTime:0.001000s ]
INFO: [ app_begin ] --START--
INFO: Run Behavior\ReadHtmlCacheBehavior [ RunTime:0.001000s ]
INFO: [ app_begin ] --END-- [ RunTime:0.001000s ]
SQL: SHOW COLUMNS FROM `yx_order` [ RunTime:0.0410s ]
SQL: SELECT * FROM `yx_order` WHERE ( onumber=92125402620 )  [ RunTime:0.0380s ]
SQL: SHOW COLUMNS FROM `yx_goods` [ RunTime:0.0390s ]
SQL: SELECT * FROM `yx_goods` WHERE ( gid=2 ) LIMIT 1   [ RunTime:0.0380s ]
SQL: SELECT * FROM `yx_goods` WHERE ( gid=5 ) LIMIT 1   [ RunTime:0.0390s ]
SQL: SELECT COUNT(*) AS tp_count FROM `yx_order` WHERE ( onumber=92125402620 ) LIMIT 1   [ RunTime:0.0380s ]
SQL: SHOW COLUMNS FROM `yx_user` [ RunTime:0.0390s ]
SQL: SELECT * FROM `yx_user` WHERE `uid` = 7 LIMIT 1   [ RunTime:0.0380s ]
SQL: SHOW COLUMNS FROM `yx_shop` [ RunTime:0.0390s ]
SQL: SELECT `did`,`dname`,`dheaderimg`,`dphone`,`dpretime`,`dendtime`,`dsign`,`daddress` FROM `yx_shop` WHERE ( did=5 ) LIMIT 1   [ RunTime:0.0380s ]
SQL: SHOW COLUMNS FROM `yx_configinfo` [ RunTime:0.0390s ]
SQL: SELECT * FROM `yx_configinfo` WHERE ( id=1 ) LIMIT 1   [ RunTime:0.0380s ]
INFO: [ view_parse ] --START--
INFO: [ template_filter ] --START--
INFO: Run Behavior\ContentReplaceBehavior [ RunTime:0.000000s ]
INFO: [ template_filter ] --END-- [ RunTime:0.000000s ]
NOTIC: [8] Undefined index: id E:\mydemo\youxuan\youxuan\Runtime\Cache\Home\83564f66fa3c817b95dfc36eaddaa991.php 第 52 行.
NOTIC: [8] Undefined index: id E:\mydemo\youxuan\youxuan\Runtime\Cache\Home\83564f66fa3c817b95dfc36eaddaa991.php 第 52 行.
INFO: Run Behavior\ParseTemplateBehavior [ RunTime:0.012001s ]
INFO: [ view_parse ] --END-- [ RunTime:0.012001s ]
INFO: [ view_filter ] --START--
INFO: Run Behavior\WriteHtmlCacheBehavior [ RunTime:0.001000s ]
INFO: [ view_filter ] --END-- [ RunTime:0.001000s ]
INFO: [ app_end ] --START--
INFO: Run Behavior\ShowPageTraceBehavior [ RunTime:0.001000s ]
INFO: [ app_end ] --END-- [ RunTime:0.001000s ]

[ 2018-08-28T11:48:00+08:00 ] ::1 /youxuan/youxuan/index.php/Orderdetail/detail/ordernum/92125402620/total/0.03.html
INFO: [ app_init ] --START--
INFO: Run Behavior\BuildLiteBehavior [ RunTime:0.000000s ]
INFO: [ app_init ] --END-- [ RunTime:0.000000s ]
INFO: [ app_begin ] --START--
INFO: Run Behavior\ReadHtmlCacheBehavior [ RunTime:0.000000s ]
INFO: [ app_begin ] --END-- [ RunTime:0.002000s ]
SQL: SHOW COLUMNS FROM `yx_order` [ RunTime:0.0380s ]
SQL: SELECT * FROM `yx_order` WHERE ( onumber=92125402620 )  [ RunTime:0.0370s ]
SQL: SHOW COLUMNS FROM `yx_goods` [ RunTime:0.0390s ]
SQL: SELECT * FROM `yx_goods` WHERE ( gid=2 ) LIMIT 1   [ RunTime:0.0370s ]
SQL: SELECT * FROM `yx_goods` WHERE ( gid=5 ) LIMIT 1   [ RunTime:0.0370s ]
SQL: SELECT COUNT(*) AS tp_count FROM `yx_order` WHERE ( onumber=92125402620 ) LIMIT 1   [ RunTime:0.0370s ]
SQL: SHOW COLUMNS FROM `yx_user` [ RunTime:0.0370s ]
SQL: SELECT * FROM `yx_user` WHERE `uid` = 7 LIMIT 1   [ RunTime:0.0370s ]
SQL: SHOW COLUMNS FROM `yx_shop` [ RunTime:0.0390s ]
SQL: SELECT `did`,`dname`,`dheaderimg`,`dphone`,`dpretime`,`dendtime`,`dsign`,`daddress` FROM `yx_shop` WHERE ( did=5 ) LIMIT 1   [ RunTime:0.0370s ]
SQL: SHOW COLUMNS FROM `yx_configinfo` [ RunTime:0.0380s ]
SQL: SELECT * FROM `yx_configinfo` WHERE ( id=1 ) LIMIT 1   [ RunTime:0.0370s ]
INFO: [ view_parse ] --START--
INFO: [ template_filter ] --START--
INFO: Run Behavior\ContentReplaceBehavior [ RunTime:0.000000s ]
INFO: [ template_filter ] --END-- [ RunTime:0.000000s ]
NOTIC: [8] Undefined index: id E:\mydemo\youxuan\youxuan\Runtime\Cache\Home\83564f66fa3c817b95dfc36eaddaa991.php 第 52 行.
NOTIC: [8] Undefined index: id E:\mydemo\youxuan\youxuan\Runtime\Cache\Home\83564f66fa3c817b95dfc36eaddaa991.php 第 52 行.
INFO: Run Behavior\ParseTemplateBehavior [ RunTime:0.011001s ]
INFO: [ view_parse ] --END-- [ RunTime:0.011001s ]
INFO: [ view_filter ] --START--
INFO: Run Behavior\WriteHtmlCacheBehavior [ RunTime:0.001000s ]
INFO: [ view_filter ] --END-- [ RunTime:0.001000s ]
INFO: [ app_end ] --START--
INFO: Run Behavior\ShowPageTraceBehavior [ RunTime:0.001000s ]
INFO: [ app_end ] --END-- [ RunTime:0.001000s ]

[ 2018-08-28T11:49:50+08:00 ] ::1 /youxuan/youxuan/index.php/Orderdetail/detail/ordernum/92125402620/total/0.03.html
INFO: [ app_init ] --START--
INFO: Run Behavior\BuildLiteBehavior [ RunTime:0.000000s ]
INFO: [ app_init ] --END-- [ RunTime:0.001000s ]
INFO: [ app_begin ] --START--
INFO: Run Behavior\ReadHtmlCacheBehavior [ RunTime:0.001000s ]
INFO: [ app_begin ] --END-- [ RunTime:0.001000s ]
SQL: SHOW COLUMNS FROM `yx_order` [ RunTime:0.0430s ]
SQL: SELECT * FROM `yx_order` WHERE ( onumber=92125402620 )  [ RunTime:0.0430s ]
SQL: SHOW COLUMNS FROM `yx_goods` [ RunTime:0.0430s ]
SQL: SELECT * FROM `yx_goods` WHERE ( gid=2 ) LIMIT 1   [ RunTime:0.0430s ]
SQL: SELECT * FROM `yx_goods` WHERE ( gid=5 ) LIMIT 1   [ RunTime:0.0430s ]
SQL: SELECT COUNT(*) AS tp_count FROM `yx_order` WHERE ( onumber=92125402620 ) LIMIT 1   [ RunTime:0.0430s ]
SQL: SHOW COLUMNS FROM `yx_user` [ RunTime:0.0430s ]
SQL: SELECT * FROM `yx_user` WHERE `uid` = 7 LIMIT 1   [ RunTime:0.0430s ]
SQL: SHOW COLUMNS FROM `yx_shop` [ RunTime:0.0430s ]
SQL: SELECT `did`,`dname`,`dheaderimg`,`dphone`,`dpretime`,`dendtime`,`dsign`,`daddress` FROM `yx_shop` WHERE ( did=5 ) LIMIT 1   [ RunTime:0.0430s ]
SQL: SHOW COLUMNS FROM `yx_configinfo` [ RunTime:0.0450s ]
SQL: SELECT * FROM `yx_configinfo` WHERE ( id=1 ) LIMIT 1   [ RunTime:0.0430s ]
INFO: [ view_parse ] --START--
INFO: [ template_filter ] --START--
INFO: Run Behavior\ContentReplaceBehavior [ RunTime:0.000000s ]
INFO: [ template_filter ] --END-- [ RunTime:0.001000s ]
NOTIC: [8] Undefined index: id E:\mydemo\youxuan\youxuan\Runtime\Cache\Home\83564f66fa3c817b95dfc36eaddaa991.php 第 52 行.
NOTIC: [8] Undefined index: id E:\mydemo\youxuan\youxuan\Runtime\Cache\Home\83564f66fa3c817b95dfc36eaddaa991.php 第 52 行.
INFO: Run Behavior\ParseTemplateBehavior [ RunTime:0.013000s ]
INFO: [ view_parse ] --END-- [ RunTime:0.014000s ]
INFO: [ view_filter ] --START--
INFO: Run Behavior\WriteHtmlCacheBehavior [ RunTime:0.001001s ]
INFO: [ view_filter ] --END-- [ RunTime:0.001001s ]
INFO: [ app_end ] --START--
INFO: Run Behavior\ShowPageTraceBehavior [ RunTime:0.001000s ]
INFO: [ app_end ] --END-- [ RunTime:0.001000s ]

[ 2018-08-28T11:50:10+08:00 ] ::1 /youxuan/youxuan/index.php/Orderdetail/detail/ordernum/92125402620/total/0.03.html
INFO: [ app_init ] --START--
INFO: Run Behavior\BuildLiteBehavior [ RunTime:0.000000s ]
INFO: [ app_init ] --END-- [ RunTime:0.001000s ]
INFO: [ app_begin ] --START--
INFO: Run Behavior\ReadHtmlCacheBehavior [ RunTime:0.001000s ]
INFO: [ app_begin ] --END-- [ RunTime:0.002000s ]
SQL: SHOW COLUMNS FROM `yx_order` [ RunTime:0.0390s ]
SQL: SELECT * FROM `yx_order` WHERE ( onumber=92125402620 )  [ RunTime:0.0390s ]
SQL: SHOW COLUMNS FROM `yx_goods` [ RunTime:0.0390s ]
SQL: SELECT * FROM `yx_goods` WHERE ( gid=2 ) LIMIT 1   [ RunTime:0.0390s ]
SQL: SELECT * FROM `yx_goods` WHERE ( gid=5 ) LIMIT 1   [ RunTime:0.0400s ]
SQL: SELECT COUNT(*) AS tp_count FROM `yx_order` WHERE ( onumber=92125402620 ) LIMIT 1   [ RunTime:0.0400s ]
SQL: SHOW COLUMNS FROM `yx_user` [ RunTime:0.0390s ]
SQL: SELECT * FROM `yx_user` WHERE `uid` = 7 LIMIT 1   [ RunTime:0.0400s ]
SQL: SHOW COLUMNS FROM `yx_shop` [ RunTime:0.0390s ]
SQL: SELECT `did`,`dname`,`dheaderimg`,`dphone`,`dpretime`,`dendtime`,`dsign`,`daddress` FROM `yx_shop` WHERE ( did=5 ) LIMIT 1   [ RunTime:0.0390s ]
SQL: SHOW COLUMNS FROM `yx_configinfo` [ RunTime:0.0390s ]
SQL: SELECT * FROM `yx_configinfo` WHERE ( id=1 ) LIMIT 1   [ RunTime:0.0390s ]
INFO: [ view_parse ] --START--
INFO: [ template_filter ] --START--
INFO: Run Behavior\ContentReplaceBehavior [ RunTime:0.000000s ]
INFO: [ template_filter ] --END-- [ RunTime:0.000000s ]
NOTIC: [8] Undefined index: id E:\mydemo\youxuan\youxuan\Runtime\Cache\Home\83564f66fa3c817b95dfc36eaddaa991.php 第 52 行.
NOTIC: [8] Undefined index: id E:\mydemo\youxuan\youxuan\Runtime\Cache\Home\83564f66fa3c817b95dfc36eaddaa991.php 第 52 行.
INFO: Run Behavior\ParseTemplateBehavior [ RunTime:0.013001s ]
INFO: [ view_parse ] --END-- [ RunTime:0.013001s ]
INFO: [ view_filter ] --START--
INFO: Run Behavior\WriteHtmlCacheBehavior [ RunTime:0.001000s ]
INFO: [ view_filter ] --END-- [ RunTime:0.001000s ]
INFO: [ app_end ] --START--
INFO: Run Behavior\ShowPageTraceBehavior [ RunTime:0.001000s ]
INFO: [ app_end ] --END-- [ RunTime:0.001000s ]

[ 2018-08-28T11:50:12+08:00 ] ::1 /youxuan/youxuan/index.php/Orderdetail/detail/ordernum/92125402620/total/0.03.html
INFO: [ app_init ] --START--
INFO: Run Behavior\BuildLiteBehavior [ RunTime:0.000000s ]
INFO: [ app_init ] --END-- [ RunTime:0.001000s ]
INFO: [ app_begin ] --START--
INFO: Run Behavior\ReadHtmlCacheBehavior [ RunTime:0.001000s ]
INFO: [ app_begin ] --END-- [ RunTime:0.001000s ]
SQL: SHOW COLUMNS FROM `yx_order` [ RunTime:0.0430s ]
SQL: SELECT * FROM `yx_order` WHERE ( onumber=92125402620 )  [ RunTime:0.0410s ]
SQL: SHOW COLUMNS FROM `yx_goods` [ RunTime:0.0410s ]
SQL: SELECT * FROM `yx_goods` WHERE ( gid=2 ) LIMIT 1   [ RunTime:0.0410s ]
SQL: SELECT * FROM `yx_goods` WHERE ( gid=5 ) LIMIT 1   [ RunTime:0.0410s ]
SQL: SELECT COUNT(*) AS tp_count FROM `yx_order` WHERE ( onumber=92125402620 ) LIMIT 1   [ RunTime:0.0410s ]
SQL: SHOW COLUMNS FROM `yx_user` [ RunTime:0.0410s ]
SQL: SELECT * FROM `yx_user` WHERE `uid` = 7 LIMIT 1   [ RunTime:0.0410s ]
SQL: SHOW COLUMNS FROM `yx_shop` [ RunTime:0.0410s ]
SQL: SELECT `did`,`dname`,`dheaderimg`,`dphone`,`dpretime`,`dendtime`,`dsign`,`daddress` FROM `yx_shop` WHERE ( did=5 ) LIMIT 1   [ RunTime:0.0410s ]
SQL: SHOW COLUMNS FROM `yx_configinfo` [ RunTime:0.0420s ]
SQL: SELECT * FROM `yx_configinfo` WHERE ( id=1 ) LIMIT 1   [ RunTime:0.0410s ]
INFO: [ view_parse ] --START--
INFO: [ template_filter ] --START--
INFO: Run Behavior\ContentReplaceBehavior [ RunTime:0.000000s ]
INFO: [ template_filter ] --END-- [ RunTime:0.001000s ]
NOTIC: [8] Undefined index: id E:\mydemo\youxuan\youxuan\Runtime\Cache\Home\83564f66fa3c817b95dfc36eaddaa991.php 第 52 行.
NOTIC: [8] Undefined index: id E:\mydemo\youxuan\youxuan\Runtime\Cache\Home\83564f66fa3c817b95dfc36eaddaa991.php 第 52 行.
INFO: Run Behavior\ParseTemplateBehavior [ RunTime:0.013001s ]
INFO: [ view_parse ] --END-- [ RunTime:0.013001s ]
INFO: [ view_filter ] --START--
INFO: Run Behavior\WriteHtmlCacheBehavior [ RunTime:0.000000s ]
INFO: [ view_filter ] --END-- [ RunTime:0.000000s ]
INFO: [ app_end ] --START--
INFO: Run Behavior\ShowPageTraceBehavior [ RunTime:0.001000s ]
INFO: [ app_end ] --END-- [ RunTime:0.001000s ]

[ 2018-08-28T11:50:44+08:00 ] ::1 /youxuan/youxuan/index.php/Orderdetail/detail/ordernum/92125402620/total/0.03.html
INFO: [ app_init ] --START--
INFO: Run Behavior\BuildLiteBehavior [ RunTime:0.000000s ]
INFO: [ app_init ] --END-- [ RunTime:0.000000s ]
INFO: [ app_begin ] --START--
INFO: Run Behavior\ReadHtmlCacheBehavior [ RunTime:0.000000s ]
INFO: [ app_begin ] --END-- [ RunTime:0.001000s ]
SQL: SHOW COLUMNS FROM `yx_order` [ RunTime:0.0380s ]
SQL: SELECT * FROM `yx_order` WHERE ( onumber=92125402620 )  [ RunTime:0.0380s ]
SQL: SHOW COLUMNS FROM `yx_goods` [ RunTime:0.0380s ]
SQL: SELECT * FROM `yx_goods` WHERE ( gid=2 ) LIMIT 1   [ RunTime:0.0380s ]
SQL: SELECT * FROM `yx_goods` WHERE ( gid=5 ) LIMIT 1   [ RunTime:0.0380s ]
SQL: SELECT COUNT(*) AS tp_count FROM `yx_order` WHERE ( onumber=92125402620 ) LIMIT 1   [ RunTime:0.0380s ]
SQL: SHOW COLUMNS FROM `yx_user` [ RunTime:0.0380s ]
SQL: SELECT * FROM `yx_user` WHERE `uid` = 7 LIMIT 1   [ RunTime:0.0380s ]
SQL: SHOW COLUMNS FROM `yx_shop` [ RunTime:0.0400s ]
SQL: SELECT `did`,`dname`,`dheaderimg`,`dphone`,`dpretime`,`dendtime`,`dsign`,`daddress` FROM `yx_shop` WHERE ( did=5 ) LIMIT 1   [ RunTime:0.0390s ]
SQL: SHOW COLUMNS FROM `yx_configinfo` [ RunTime:0.0380s ]
SQL: SELECT * FROM `yx_configinfo` WHERE ( id=1 ) LIMIT 1   [ RunTime:0.0380s ]
INFO: [ view_parse ] --START--
INFO: [ template_filter ] --START--
INFO: Run Behavior\ContentReplaceBehavior [ RunTime:0.000000s ]
INFO: [ template_filter ] --END-- [ RunTime:0.000000s ]
NOTIC: [8] Undefined index: id E:\mydemo\youxuan\youxuan\Runtime\Cache\Home\83564f66fa3c817b95dfc36eaddaa991.php 第 52 行.
NOTIC: [8] Undefined index: id E:\mydemo\youxuan\youxuan\Runtime\Cache\Home\83564f66fa3c817b95dfc36eaddaa991.php 第 52 行.
INFO: Run Behavior\ParseTemplateBehavior [ RunTime:0.013001s ]
INFO: [ view_parse ] --END-- [ RunTime:0.013001s ]
INFO: [ view_filter ] --START--
INFO: Run Behavior\WriteHtmlCacheBehavior [ RunTime:0.001000s ]
INFO: [ view_filter ] --END-- [ RunTime:0.001000s ]
INFO: [ app_end ] --START--
INFO: Run Behavior\ShowPageTraceBehavior [ RunTime:0.001000s ]
INFO: [ app_end ] --END-- [ RunTime:0.001000s ]

[ 2018-08-28T11:51:01+08:00 ] ::1 /youxuan/youxuan/index.php/Orderdetail/detail/ordernum/92125402620/total/0.03.html
INFO: [ app_init ] --START--
INFO: Run Behavior\BuildLiteBehavior [ RunTime:0.000000s ]
INFO: [ app_init ] --END-- [ RunTime:0.001000s ]
INFO: [ app_begin ] --START--
INFO: Run Behavior\ReadHtmlCacheBehavior [ RunTime:0.001000s ]
INFO: [ app_begin ] --END-- [ RunTime:0.001000s ]
SQL: SHOW COLUMNS FROM `yx_order` [ RunTime:0.0450s ]
SQL: SELECT * FROM `yx_order` WHERE ( onumber=92125402620 )  [ RunTime:0.0420s ]
SQL: SHOW COLUMNS FROM `yx_goods` [ RunTime:0.0420s ]
SQL: SELECT * FROM `yx_goods` WHERE ( gid=2 ) LIMIT 1   [ RunTime:0.0410s ]
SQL: SELECT * FROM `yx_goods` WHERE ( gid=5 ) LIMIT 1   [ RunTime:0.0420s ]
SQL: SELECT COUNT(*) AS tp_count FROM `yx_order` WHERE ( onumber=92125402620 ) LIMIT 1   [ RunTime:0.0420s ]
SQL: SHOW COLUMNS FROM `yx_user` [ RunTime:0.0420s ]
SQL: SELECT * FROM `yx_user` WHERE `uid` = 7 LIMIT 1   [ RunTime:0.0410s ]
SQL: SHOW COLUMNS FROM `yx_shop` [ RunTime:0.0420s ]
SQL: SELECT `did`,`dname`,`dheaderimg`,`dphone`,`dpretime`,`dendtime`,`dsign`,`daddress` FROM `yx_shop` WHERE ( did=5 ) LIMIT 1   [ RunTime:0.0410s ]
SQL: SHOW COLUMNS FROM `yx_configinfo` [ RunTime:0.0420s ]
SQL: SELECT * FROM `yx_configinfo` WHERE ( id=1 ) LIMIT 1   [ RunTime:0.0420s ]
INFO: [ view_parse ] --START--
INFO: [ template_filter ] --START--
INFO: Run Behavior\ContentReplaceBehavior [ RunTime:0.000000s ]
INFO: [ template_filter ] --END-- [ RunTime:0.000000s ]
NOTIC: [8] Undefined index: id E:\mydemo\youxuan\youxuan\Runtime\Cache\Home\83564f66fa3c817b95dfc36eaddaa991.php 第 52 行.
NOTIC: [8] Undefined index: id E:\mydemo\youxuan\youxuan\Runtime\Cache\Home\83564f66fa3c817b95dfc36eaddaa991.php 第 52 行.
INFO: Run Behavior\ParseTemplateBehavior [ RunTime:0.013001s ]
INFO: [ view_parse ] --END-- [ RunTime:0.013001s ]
INFO: [ view_filter ] --START--
INFO: Run Behavior\WriteHtmlCacheBehavior [ RunTime:0.000000s ]
INFO: [ view_filter ] --END-- [ RunTime:0.000000s ]
INFO: [ app_end ] --START--
INFO: Run Behavior\ShowPageTraceBehavior [ RunTime:0.001000s ]
INFO: [ app_end ] --END-- [ RunTime:0.001000s ]

[ 2018-08-28T11:51:35+08:00 ] ::1 /youxuan/youxuan/index.php/Orderdetail/detail/ordernum/92125402620/total/0.03.html
INFO: [ app_init ] --START--
INFO: Run Behavior\BuildLiteBehavior [ RunTime:0.000000s ]
INFO: [ app_init ] --END-- [ RunTime:0.001000s ]
INFO: [ app_begin ] --START--
INFO: Run Behavior\ReadHtmlCacheBehavior [ RunTime:0.001000s ]
INFO: [ app_begin ] --END-- [ RunTime:0.002000s ]
SQL: SHOW COLUMNS FROM `yx_order` [ RunTime:0.0420s ]
SQL: SELECT * FROM `yx_order` WHERE ( onumber=92125402620 )  [ RunTime:0.0420s ]
SQL: SHOW COLUMNS FROM `yx_goods` [ RunTime:0.0430s ]
SQL: SELECT * FROM `yx_goods` WHERE ( gid=2 ) LIMIT 1   [ RunTime:0.0440s ]
SQL: SELECT * FROM `yx_goods` WHERE ( gid=5 ) LIMIT 1   [ RunTime:0.0430s ]
SQL: SELECT COUNT(*) AS tp_count FROM `yx_order` WHERE ( onumber=92125402620 ) LIMIT 1   [ RunTime:0.0450s ]
SQL: SHOW COLUMNS FROM `yx_user` [ RunTime:0.0410s ]
SQL: SELECT * FROM `yx_user` WHERE `uid` = 7 LIMIT 1   [ RunTime:0.0410s ]
SQL: SHOW COLUMNS FROM `yx_shop` [ RunTime:0.0430s ]
SQL: SELECT `did`,`dname`,`dheaderimg`,`dphone`,`dpretime`,`dendtime`,`dsign`,`daddress` FROM `yx_shop` WHERE ( did=5 ) LIMIT 1   [ RunTime:0.0420s ]
SQL: SHOW COLUMNS FROM `yx_configinfo` [ RunTime:0.0430s ]
SQL: SELECT * FROM `yx_configinfo` WHERE ( id=1 ) LIMIT 1   [ RunTime:0.0440s ]
INFO: [ view_parse ] --START--
INFO: [ template_filter ] --START--
INFO: Run Behavior\ContentReplaceBehavior [ RunTime:0.000000s ]
INFO: [ template_filter ] --END-- [ RunTime:0.000000s ]
NOTIC: [8] Undefined index: id E:\mydemo\youxuan\youxuan\Runtime\Cache\Home\83564f66fa3c817b95dfc36eaddaa991.php 第 52 行.
NOTIC: [8] Undefined index: id E:\mydemo\youxuan\youxuan\Runtime\Cache\Home\83564f66fa3c817b95dfc36eaddaa991.php 第 52 行.
INFO: Run Behavior\ParseTemplateBehavior [ RunTime:0.013001s ]
INFO: [ view_parse ] --END-- [ RunTime:0.013001s ]
INFO: [ view_filter ] --START--
INFO: Run Behavior\WriteHtmlCacheBehavior [ RunTime:0.001000s ]
INFO: [ view_filter ] --END-- [ RunTime:0.001000s ]
INFO: [ app_end ] --START--
INFO: Run Behavior\ShowPageTraceBehavior [ RunTime:0.002000s ]
INFO: [ app_end ] --END-- [ RunTime:0.002000s ]

[ 2018-08-28T11:51:56+08:00 ] ::1 /youxuan/youxuan/index.php/Orderdetail/detail/ordernum/92125402620/total/0.03.html
INFO: [ app_init ] --START--
INFO: Run Behavior\BuildLiteBehavior [ RunTime:0.000000s ]
INFO: [ app_init ] --END-- [ RunTime:0.001000s ]
INFO: [ app_begin ] --START--
INFO: Run Behavior\ReadHtmlCacheBehavior [ RunTime:0.001000s ]
INFO: [ app_begin ] --END-- [ RunTime:0.001000s ]
SQL: SHOW COLUMNS FROM `yx_order` [ RunTime:0.0400s ]
SQL: SELECT * FROM `yx_order` WHERE ( onumber=92125402620 )  [ RunTime:0.0390s ]
SQL: SHOW COLUMNS FROM `yx_goods` [ RunTime:0.0400s ]
SQL: SELECT * FROM `yx_goods` WHERE ( gid=2 ) LIMIT 1   [ RunTime:0.0390s ]
SQL: SELECT * FROM `yx_goods` WHERE ( gid=5 ) LIMIT 1   [ RunTime:0.0400s ]
SQL: SELECT COUNT(*) AS tp_count FROM `yx_order` WHERE ( onumber=92125402620 ) LIMIT 1   [ RunTime:0.0390s ]
SQL: SHOW COLUMNS FROM `yx_user` [ RunTime:0.0400s ]
SQL: SELECT * FROM `yx_user` WHERE `uid` = 7 LIMIT 1   [ RunTime:0.0390s ]
SQL: SHOW COLUMNS FROM `yx_shop` [ RunTime:0.0400s ]
SQL: SELECT `did`,`dname`,`dheaderimg`,`dphone`,`dpretime`,`dendtime`,`dsign`,`daddress` FROM `yx_shop` WHERE ( did=5 ) LIMIT 1   [ RunTime:0.0390s ]
SQL: SHOW COLUMNS FROM `yx_configinfo` [ RunTime:0.0400s ]
SQL: SELECT * FROM `yx_configinfo` WHERE ( id=1 ) LIMIT 1   [ RunTime:0.0390s ]
INFO: [ view_parse ] --START--
INFO: [ template_filter ] --START--
INFO: Run Behavior\ContentReplaceBehavior [ RunTime:0.000000s ]
INFO: [ template_filter ] --END-- [ RunTime:0.000000s ]
NOTIC: [8] Undefined index: id E:\mydemo\youxuan\youxuan\Runtime\Cache\Home\83564f66fa3c817b95dfc36eaddaa991.php 第 52 行.
NOTIC: [8] Undefined index: id E:\mydemo\youxuan\youxuan\Runtime\Cache\Home\83564f66fa3c817b95dfc36eaddaa991.php 第 52 行.
INFO: Run Behavior\ParseTemplateBehavior [ RunTime:0.013001s ]
INFO: [ view_parse ] --END-- [ RunTime:0.013001s ]
INFO: [ view_filter ] --START--
INFO: Run Behavior\WriteHtmlCacheBehavior [ RunTime:0.001000s ]
INFO: [ view_filter ] --END-- [ RunTime:0.001000s ]
INFO: [ app_end ] --START--
INFO: Run Behavior\ShowPageTraceBehavior [ RunTime:0.001000s ]
INFO: [ app_end ] --END-- [ RunTime:0.001000s ]

[ 2018-08-28T11:52:34+08:00 ] ::1 /youxuan/youxuan/index.php/Orderdetail/detail/ordernum/92125402620/total/0.03.html
INFO: [ app_init ] --START--
INFO: Run Behavior\BuildLiteBehavior [ RunTime:0.000000s ]
INFO: [ app_init ] --END-- [ RunTime:0.001000s ]
INFO: [ app_begin ] --START--
INFO: Run Behavior\ReadHtmlCacheBehavior [ RunTime:0.001000s ]
INFO: [ app_begin ] --END-- [ RunTime:0.001000s ]
SQL: SHOW COLUMNS FROM `yx_order` [ RunTime:0.0390s ]
SQL: SELECT * FROM `yx_order` WHERE ( onumber=92125402620 )  [ RunTime:0.0380s ]
SQL: SHOW COLUMNS FROM `yx_goods` [ RunTime:0.0380s ]
SQL: SELECT * FROM `yx_goods` WHERE ( gid=2 ) LIMIT 1   [ RunTime:0.0410s ]
SQL: SELECT * FROM `yx_goods` WHERE ( gid=5 ) LIMIT 1   [ RunTime:0.0390s ]
SQL: SELECT COUNT(*) AS tp_count FROM `yx_order` WHERE ( onumber=92125402620 ) LIMIT 1   [ RunTime:0.0380s ]
SQL: SHOW COLUMNS FROM `yx_user` [ RunTime:0.0390s ]
SQL: SELECT * FROM `yx_user` WHERE `uid` = 7 LIMIT 1   [ RunTime:0.0380s ]
SQL: SHOW COLUMNS FROM `yx_shop` [ RunTime:0.0380s ]
SQL: SELECT `did`,`dname`,`dheaderimg`,`dphone`,`dpretime`,`dendtime`,`dsign`,`daddress` FROM `yx_shop` WHERE ( did=5 ) LIMIT 1   [ RunTime:0.0380s ]
SQL: SHOW COLUMNS FROM `yx_configinfo` [ RunTime:0.0390s ]
SQL: SELECT * FROM `yx_configinfo` WHERE ( id=1 ) LIMIT 1   [ RunTime:0.0380s ]
INFO: [ view_parse ] --START--
INFO: [ template_filter ] --START--
INFO: Run Behavior\ContentReplaceBehavior [ RunTime:0.000000s ]
INFO: [ template_filter ] --END-- [ RunTime:0.000000s ]
NOTIC: [8] Undefined index: id E:\mydemo\youxuan\youxuan\Runtime\Cache\Home\83564f66fa3c817b95dfc36eaddaa991.php 第 52 行.
NOTIC: [8] Undefined index: id E:\mydemo\youxuan\youxuan\Runtime\Cache\Home\83564f66fa3c817b95dfc36eaddaa991.php 第 52 行.
INFO: Run Behavior\ParseTemplateBehavior [ RunTime:0.014001s ]
INFO: [ view_parse ] --END-- [ RunTime:0.014001s ]
INFO: [ view_filter ] --START--
INFO: Run Behavior\WriteHtmlCacheBehavior [ RunTime:0.002000s ]
INFO: [ view_filter ] --END-- [ RunTime:0.002000s ]
INFO: [ app_end ] --START--
INFO: Run Behavior\ShowPageTraceBehavior [ RunTime:0.002000s ]
INFO: [ app_end ] --END-- [ RunTime:0.002000s ]

[ 2018-08-28T11:52:46+08:00 ] ::1 /youxuan/youxuan/index.php/Orderdetail/detail/ordernum/92125402620/total/0.03.html
INFO: [ app_init ] --START--
INFO: Run Behavior\BuildLiteBehavior [ RunTime:0.000000s ]
INFO: [ app_init ] --END-- [ RunTime:0.000000s ]
INFO: [ app_begin ] --START--
INFO: Run Behavior\ReadHtmlCacheBehavior [ RunTime:0.002000s ]
INFO: [ app_begin ] --END-- [ RunTime:0.002000s ]
SQL: SHOW COLUMNS FROM `yx_order` [ RunTime:0.0390s ]
SQL: SELECT * FROM `yx_order` WHERE ( onumber=92125402620 )  [ RunTime:0.0390s ]
SQL: SHOW COLUMNS FROM `yx_goods` [ RunTime:0.0400s ]
SQL: SELECT * FROM `yx_goods` WHERE ( gid=2 ) LIMIT 1   [ RunTime:0.0380s ]
SQL: SELECT * FROM `yx_goods` WHERE ( gid=5 ) LIMIT 1   [ RunTime:0.0420s ]
SQL: SELECT COUNT(*) AS tp_count FROM `yx_order` WHERE ( onumber=92125402620 ) LIMIT 1   [ RunTime:0.0380s ]
SQL: SHOW COLUMNS FROM `yx_user` [ RunTime:0.0390s ]
SQL: SELECT * FROM `yx_user` WHERE `uid` = 7 LIMIT 1   [ RunTime:0.0380s ]
SQL: SHOW COLUMNS FROM `yx_shop` [ RunTime:0.0410s ]
SQL: SELECT `did`,`dname`,`dheaderimg`,`dphone`,`dpretime`,`dendtime`,`dsign`,`daddress` FROM `yx_shop` WHERE ( did=5 ) LIMIT 1   [ RunTime:0.0380s ]
SQL: SHOW COLUMNS FROM `yx_configinfo` [ RunTime:0.0400s ]
SQL: SELECT * FROM `yx_configinfo` WHERE ( id=1 ) LIMIT 1   [ RunTime:0.0380s ]
INFO: [ view_parse ] --START--
INFO: [ template_filter ] --START--
INFO: Run Behavior\ContentReplaceBehavior [ RunTime:0.001000s ]
INFO: [ template_filter ] --END-- [ RunTime:0.001000s ]
NOTIC: [8] Undefined index: id E:\mydemo\youxuan\youxuan\Runtime\Cache\Home\83564f66fa3c817b95dfc36eaddaa991.php 第 52 行.
NOTIC: [8] Undefined index: id E:\mydemo\youxuan\youxuan\Runtime\Cache\Home\83564f66fa3c817b95dfc36eaddaa991.php 第 52 行.
INFO: Run Behavior\ParseTemplateBehavior [ RunTime:0.013000s ]
INFO: [ view_parse ] --END-- [ RunTime:0.013000s ]
INFO: [ view_filter ] --START--
INFO: Run Behavior\WriteHtmlCacheBehavior [ RunTime:0.001001s ]
INFO: [ view_filter ] --END-- [ RunTime:0.001001s ]
INFO: [ app_end ] --START--
INFO: Run Behavior\ShowPageTraceBehavior [ RunTime:0.002000s ]
INFO: [ app_end ] --END-- [ RunTime:0.002000s ]

[ 2018-08-28T11:55:38+08:00 ] ::1 /youxuan/youxuan/index.php/Orderdetail/detail/ordernum/92125402620/total/0.03.html
INFO: [ app_init ] --START--
INFO: Run Behavior\BuildLiteBehavior [ RunTime:0.000000s ]
INFO: [ app_init ] --END-- [ RunTime:0.001000s ]
INFO: [ app_begin ] --START--
INFO: Run Behavior\ReadHtmlCacheBehavior [ RunTime:0.001000s ]
INFO: [ app_begin ] --END-- [ RunTime:0.001000s ]
SQL: SHOW COLUMNS FROM `yx_order` [ RunTime:0.0410s ]
SQL: SELECT * FROM `yx_order` WHERE ( onumber=92125402620 )  [ RunTime:0.0410s ]
SQL: SHOW COLUMNS FROM `yx_goods` [ RunTime:0.0400s ]
SQL: SELECT * FROM `yx_goods` WHERE ( gid=2 ) LIMIT 1   [ RunTime:0.0400s ]
SQL: SELECT * FROM `yx_goods` WHERE ( gid=5 ) LIMIT 1   [ RunTime:0.0400s ]
SQL: SELECT COUNT(*) AS tp_count FROM `yx_order` WHERE ( onumber=92125402620 ) LIMIT 1   [ RunTime:0.0390s ]
SQL: SHOW COLUMNS FROM `yx_user` [ RunTime:0.0410s ]
SQL: SELECT * FROM `yx_user` WHERE `uid` = 7 LIMIT 1   [ RunTime:0.0390s ]
SQL: SHOW COLUMNS FROM `yx_shop` [ RunTime:0.0410s ]
SQL: SELECT `did`,`dname`,`dheaderimg`,`dphone`,`dpretime`,`dendtime`,`dsign`,`daddress` FROM `yx_shop` WHERE ( did=5 ) LIMIT 1   [ RunTime:0.0400s ]
SQL: SHOW COLUMNS FROM `yx_configinfo` [ RunTime:0.0400s ]
SQL: SELECT * FROM `yx_configinfo` WHERE ( id=1 ) LIMIT 1   [ RunTime:0.0400s ]
INFO: [ view_parse ] --START--
INFO: [ template_filter ] --START--
INFO: Run Behavior\ContentReplaceBehavior [ RunTime:0.000000s ]
INFO: [ template_filter ] --END-- [ RunTime:0.000000s ]
NOTIC: [8] Undefined index: id E:\mydemo\youxuan\youxuan\Runtime\Cache\Home\83564f66fa3c817b95dfc36eaddaa991.php 第 52 行.
NOTIC: [8] Undefined index: id E:\mydemo\youxuan\youxuan\Runtime\Cache\Home\83564f66fa3c817b95dfc36eaddaa991.php 第 52 行.
INFO: Run Behavior\ParseTemplateBehavior [ RunTime:0.013001s ]
INFO: [ view_parse ] --END-- [ RunTime:0.013001s ]
INFO: [ view_filter ] --START--
INFO: Run Behavior\WriteHtmlCacheBehavior [ RunTime:0.001000s ]
INFO: [ view_filter ] --END-- [ RunTime:0.001000s ]
INFO: [ app_end ] --START--
INFO: Run Behavior\ShowPageTraceBehavior [ RunTime:0.001000s ]
INFO: [ app_end ] --END-- [ RunTime:0.002000s ]

