[ 2018-08-27T10:12:56+08:00 ] 119.123.100.232 /tp3/youxuan/?sid=5
INFO: [ app_init ] --START--
INFO: Run Behavior\BuildLiteBehavior [ RunTime:0.000011s ]
INFO: [ app_init ] --END-- [ RunTime:0.000411s ]
INFO: [ app_begin ] --START--
INFO: Run Behavior\ReadHtmlCacheBehavior [ RunTime:0.000521s ]
INFO: [ app_begin ] --END-- [ RunTime:0.000554s ]
SQL: SHOW COLUMNS FROM `yx_configinfo` [ RunTime:0.0006s ]
SQL: SELECT * FROM `yx_configinfo` WHERE ( id=1 ) LIMIT 1   [ RunTime:0.0002s ]
INFO: [ app_end ] --START--
INFO: Run Behavior\ShowPageTraceBehavior [ RunTime:0.000590s ]
INFO: [ app_end ] --END-- [ RunTime:0.000625s ]

[ 2018-08-27T10:13:00+08:00 ] 119.123.100.232 /tp3/youxuan/index.php/index/dealwxlogin?code=001Qmx7R1723q91z9P9R1HeA7R1Qmx7J&state=5
INFO: [ app_init ] --START--
INFO: Run Behavior\BuildLiteBehavior [ RunTime:0.000012s ]
INFO: [ app_init ] --END-- [ RunTime:0.000306s ]
INFO: [ app_begin ] --START--
INFO: Run Behavior\ReadHtmlCacheBehavior [ RunTime:0.000396s ]
INFO: [ app_begin ] --END-- [ RunTime:0.000429s ]
SQL: SHOW COLUMNS FROM `yx_configinfo` [ RunTime:0.0005s ]
SQL: SELECT * FROM `yx_configinfo` WHERE ( id=1 ) LIMIT 1   [ RunTime:0.0001s ]
SQL: SHOW COLUMNS FROM `yx_user` [ RunTime:0.0006s ]
SQL: SELECT * FROM `yx_user` WHERE `openid` = 'o9uGT0RhDgWsy3NNvuN7QYuHE2xk' LIMIT 1   [ RunTime:0.0002s ]

[ 2018-08-27T10:13:00+08:00 ] 119.123.100.232 /tp3/youxuan/index.php/Index/index/sid/5.html
INFO: [ app_init ] --START--
INFO: Run Behavior\BuildLiteBehavior [ RunTime:0.000010s ]
INFO: [ app_init ] --END-- [ RunTime:0.000278s ]
INFO: [ app_begin ] --START--
INFO: Run Behavior\ReadHtmlCacheBehavior [ RunTime:0.000364s ]
INFO: [ app_begin ] --END-- [ RunTime:0.000409s ]
SQL: SHOW COLUMNS FROM `yx_shop` [ RunTime:0.0006s ]
SQL: SELECT `did`,`dname`,`dheaderimg`,`dphone`,`dpretime`,`dendtime`,`dsign`,`daddress` FROM `yx_shop` WHERE ( did=5 ) LIMIT 1   [ RunTime:0.0002s ]
SQL: SHOW COLUMNS FROM `yx_order` [ RunTime:0.0003s ]
SQL: SELECT SUM(onum) AS tp_sum FROM `yx_order` WHERE ( osid=5 and ostatus=1 ) LIMIT 1   [ RunTime:0.0002s ]
SQL: SHOW COLUMNS FROM `yx_user` [ RunTime:0.0003s ]
SQL: SELECT COUNT(*) AS tp_count FROM `yx_user` WHERE ( shopid=5 ) LIMIT 1   [ RunTime:0.0001s ]
SQL: SHOW COLUMNS FROM `yx_goods` [ RunTime:0.0004s ]
SQL: SELECT `gid`,`gboss`,`sid`,`gtopimg`,`gtitle`,`gyhprice`,`gprice`,`gdes`,`gendnum` FROM `yx_goods`  [ RunTime:0.0001s ]
SQL: SELECT SUM(onum) AS tp_sum FROM `yx_order` WHERE ( osid=5 and ostatus=1 and ogid=2 ) LIMIT 1   [ RunTime:0.0001s ]
SQL: SELECT o.oid,o.ostatus,u.nickname,u.headerimg FROM yx_order o INNER JOIN yx_user u on o.ouid=u.uid  WHERE ( o.ostatus=1 and ogid=2 ) LIMIT 3   [ RunTime:0.0001s ]
SQL: SELECT SUM(onum) AS tp_sum FROM `yx_order` WHERE ( osid=5 and ostatus=1 and ogid=5 ) LIMIT 1   [ RunTime:0.0001s ]
SQL: SELECT o.oid,o.ostatus,u.nickname,u.headerimg FROM yx_order o INNER JOIN yx_user u on o.ouid=u.uid  WHERE ( o.ostatus=1 and ogid=5 ) LIMIT 3   [ RunTime:0.0001s ]
SQL: SELECT SUM(onum) AS tp_sum FROM `yx_order` WHERE ( osid=5 and ostatus=1 and ogid=6 ) LIMIT 1   [ RunTime:0.0001s ]
SQL: SELECT o.oid,o.ostatus,u.nickname,u.headerimg FROM yx_order o INNER JOIN yx_user u on o.ouid=u.uid  WHERE ( o.ostatus=1 and ogid=6 ) LIMIT 3   [ RunTime:0.0001s ]
SQL: SELECT SUM(onum) AS tp_sum FROM `yx_order` WHERE ( osid=5 and ostatus=1 and ogid=7 ) LIMIT 1   [ RunTime:0.0001s ]
SQL: SELECT o.oid,o.ostatus,u.nickname,u.headerimg FROM yx_order o INNER JOIN yx_user u on o.ouid=u.uid  WHERE ( o.ostatus=1 and ogid=7 ) LIMIT 3   [ RunTime:0.0001s ]
SQL: SELECT SUM(onum) AS tp_sum FROM `yx_order` WHERE ( osid=5 and ostatus=1 and ogid=8 ) LIMIT 1   [ RunTime:0.0001s ]
SQL: SELECT o.oid,o.ostatus,u.nickname,u.headerimg FROM yx_order o INNER JOIN yx_user u on o.ouid=u.uid  WHERE ( o.ostatus=1 and ogid=8 ) LIMIT 3   [ RunTime:0.0001s ]
SQL: SELECT SUM(onum) AS tp_sum FROM `yx_order` WHERE ( osid=5 and ostatus=1 and ogid=9 ) LIMIT 1   [ RunTime:0.0001s ]
SQL: SELECT o.oid,o.ostatus,u.nickname,u.headerimg FROM yx_order o INNER JOIN yx_user u on o.ouid=u.uid  WHERE ( o.ostatus=1 and ogid=9 ) LIMIT 3   [ RunTime:0.0001s ]
SQL: SELECT SUM(onum) AS tp_sum FROM `yx_order` WHERE ( osid=5 and ostatus=1 and ogid=10 ) LIMIT 1   [ RunTime:0.0001s ]
SQL: SELECT o.oid,o.ostatus,u.nickname,u.headerimg FROM yx_order o INNER JOIN yx_user u on o.ouid=u.uid  WHERE ( o.ostatus=1 and ogid=10 ) LIMIT 3   [ RunTime:0.0001s ]
SQL: SELECT SUM(onum) AS tp_sum FROM `yx_order` WHERE ( osid=5 and ostatus=1 and ogid=11 ) LIMIT 1   [ RunTime:0.0001s ]
SQL: SELECT o.oid,o.ostatus,u.nickname,u.headerimg FROM yx_order o INNER JOIN yx_user u on o.ouid=u.uid  WHERE ( o.ostatus=1 and ogid=11 ) LIMIT 3   [ RunTime:0.0001s ]
INFO: [ view_parse ] --START--
INFO: [ template_filter ] --START--
INFO: Run Behavior\ContentReplaceBehavior [ RunTime:0.000403s ]
INFO: [ template_filter ] --END-- [ RunTime:0.000438s ]
NOTIC: [8] Use of undefined constant gid - assumed 'gid' /www/wwwroot/jsq.dede1.com/tp3/youxuan/Runtime/Cache/Home/09930d8c7658199ebeca15374c667bd0.php 第 42 行.
NOTIC: [8] Use of undefined constant gid - assumed 'gid' /www/wwwroot/jsq.dede1.com/tp3/youxuan/Runtime/Cache/Home/09930d8c7658199ebeca15374c667bd0.php 第 42 行.
NOTIC: [8] Use of undefined constant gid - assumed 'gid' /www/wwwroot/jsq.dede1.com/tp3/youxuan/Runtime/Cache/Home/09930d8c7658199ebeca15374c667bd0.php 第 42 行.
NOTIC: [8] Use of undefined constant gid - assumed 'gid' /www/wwwroot/jsq.dede1.com/tp3/youxuan/Runtime/Cache/Home/09930d8c7658199ebeca15374c667bd0.php 第 42 行.
NOTIC: [8] Use of undefined constant gid - assumed 'gid' /www/wwwroot/jsq.dede1.com/tp3/youxuan/Runtime/Cache/Home/09930d8c7658199ebeca15374c667bd0.php 第 42 行.
NOTIC: [8] Use of undefined constant gid - assumed 'gid' /www/wwwroot/jsq.dede1.com/tp3/youxuan/Runtime/Cache/Home/09930d8c7658199ebeca15374c667bd0.php 第 42 行.
NOTIC: [8] Use of undefined constant gid - assumed 'gid' /www/wwwroot/jsq.dede1.com/tp3/youxuan/Runtime/Cache/Home/09930d8c7658199ebeca15374c667bd0.php 第 42 行.
NOTIC: [8] Use of undefined constant gid - assumed 'gid' /www/wwwroot/jsq.dede1.com/tp3/youxuan/Runtime/Cache/Home/09930d8c7658199ebeca15374c667bd0.php 第 42 行.
INFO: Run Behavior\ParseTemplateBehavior [ RunTime:0.016820s ]
INFO: [ view_parse ] --END-- [ RunTime:0.016850s ]
INFO: [ view_filter ] --START--
INFO: Run Behavior\WriteHtmlCacheBehavior [ RunTime:0.000351s ]
INFO: [ view_filter ] --END-- [ RunTime:0.000377s ]
INFO: [ app_end ] --START--
INFO: Run Behavior\ShowPageTraceBehavior [ RunTime:0.000366s ]
INFO: [ app_end ] --END-- [ RunTime:0.000397s ]

[ 2018-08-27T10:14:03+08:00 ] 183.3.227.100 /tp3/youxuan/index.php?sid=5
INFO: [ app_init ] --START--
INFO: Run Behavior\BuildLiteBehavior [ RunTime:0.000010s ]
INFO: [ app_init ] --END-- [ RunTime:0.000309s ]
INFO: [ app_begin ] --START--
INFO: Run Behavior\ReadHtmlCacheBehavior [ RunTime:0.000413s ]
INFO: [ app_begin ] --END-- [ RunTime:0.000447s ]
SQL: SHOW COLUMNS FROM `yx_configinfo` [ RunTime:0.0005s ]
SQL: SELECT * FROM `yx_configinfo` WHERE ( id=1 ) LIMIT 1   [ RunTime:0.0001s ]
INFO: [ app_end ] --START--
INFO: Run Behavior\ShowPageTraceBehavior [ RunTime:0.000472s ]
INFO: [ app_end ] --END-- [ RunTime:0.000504s ]

[ 2018-08-27T10:14:05+08:00 ] 183.3.227.100 /tp3/youxuan/index.php/index/dealwxlogin?code=0018iTJ40UgRDK1ReJI40zYGJ408iTJD&state=5
INFO: [ app_init ] --START--
INFO: Run Behavior\BuildLiteBehavior [ RunTime:0.000009s ]
INFO: [ app_init ] --END-- [ RunTime:0.000263s ]
INFO: [ app_begin ] --START--
INFO: Run Behavior\ReadHtmlCacheBehavior [ RunTime:0.000357s ]
INFO: [ app_begin ] --END-- [ RunTime:0.000389s ]
SQL: SHOW COLUMNS FROM `yx_configinfo` [ RunTime:0.0005s ]
SQL: SELECT * FROM `yx_configinfo` WHERE ( id=1 ) LIMIT 1   [ RunTime:0.0001s ]
SQL: SHOW COLUMNS FROM `yx_user` [ RunTime:0.0006s ]
SQL: SELECT * FROM `yx_user` WHERE `openid` = 'o9uGT0RhDgWsy3NNvuN7QYuHE2xk' LIMIT 1   [ RunTime:0.0001s ]

[ 2018-08-27T10:14:05+08:00 ] 183.3.227.100 /tp3/youxuan/index.php/Index/index/sid/5.html
INFO: [ app_init ] --START--
INFO: Run Behavior\BuildLiteBehavior [ RunTime:0.000010s ]
INFO: [ app_init ] --END-- [ RunTime:0.000271s ]
INFO: [ app_begin ] --START--
INFO: Run Behavior\ReadHtmlCacheBehavior [ RunTime:0.000368s ]
INFO: [ app_begin ] --END-- [ RunTime:0.000401s ]
SQL: SHOW COLUMNS FROM `yx_shop` [ RunTime:0.0005s ]
SQL: SELECT `did`,`dname`,`dheaderimg`,`dphone`,`dpretime`,`dendtime`,`dsign`,`daddress` FROM `yx_shop` WHERE ( did=5 ) LIMIT 1   [ RunTime:0.0001s ]
SQL: SHOW COLUMNS FROM `yx_order` [ RunTime:0.0003s ]
SQL: SELECT SUM(onum) AS tp_sum FROM `yx_order` WHERE ( osid=5 and ostatus=1 ) LIMIT 1   [ RunTime:0.0002s ]
SQL: SHOW COLUMNS FROM `yx_user` [ RunTime:0.0004s ]
SQL: SELECT COUNT(*) AS tp_count FROM `yx_user` WHERE ( shopid=5 ) LIMIT 1   [ RunTime:0.0001s ]
SQL: SHOW COLUMNS FROM `yx_goods` [ RunTime:0.0003s ]
SQL: SELECT `gid`,`gboss`,`sid`,`gtopimg`,`gtitle`,`gyhprice`,`gprice`,`gdes`,`gendnum` FROM `yx_goods`  [ RunTime:0.0001s ]
SQL: SELECT SUM(onum) AS tp_sum FROM `yx_order` WHERE ( osid=5 and ostatus=1 and ogid=2 ) LIMIT 1   [ RunTime:0.0002s ]
SQL: SELECT o.oid,o.ostatus,u.nickname,u.headerimg FROM yx_order o INNER JOIN yx_user u on o.ouid=u.uid  WHERE ( o.ostatus=1 and ogid=2 ) LIMIT 3   [ RunTime:0.0000s ]
SQL: SELECT SUM(onum) AS tp_sum FROM `yx_order` WHERE ( osid=5 and ostatus=1 and ogid=5 ) LIMIT 1   [ RunTime:0.0001s ]
SQL: SELECT o.oid,o.ostatus,u.nickname,u.headerimg FROM yx_order o INNER JOIN yx_user u on o.ouid=u.uid  WHERE ( o.ostatus=1 and ogid=5 ) LIMIT 3   [ RunTime:0.0001s ]
SQL: SELECT SUM(onum) AS tp_sum FROM `yx_order` WHERE ( osid=5 and ostatus=1 and ogid=6 ) LIMIT 1   [ RunTime:0.0001s ]
SQL: SELECT o.oid,o.ostatus,u.nickname,u.headerimg FROM yx_order o INNER JOIN yx_user u on o.ouid=u.uid  WHERE ( o.ostatus=1 and ogid=6 ) LIMIT 3   [ RunTime:0.0001s ]
SQL: SELECT SUM(onum) AS tp_sum FROM `yx_order` WHERE ( osid=5 and ostatus=1 and ogid=7 ) LIMIT 1   [ RunTime:0.0000s ]
SQL: SELECT o.oid,o.ostatus,u.nickname,u.headerimg FROM yx_order o INNER JOIN yx_user u on o.ouid=u.uid  WHERE ( o.ostatus=1 and ogid=7 ) LIMIT 3   [ RunTime:0.0001s ]
SQL: SELECT SUM(onum) AS tp_sum FROM `yx_order` WHERE ( osid=5 and ostatus=1 and ogid=8 ) LIMIT 1   [ RunTime:0.0000s ]
SQL: SELECT o.oid,o.ostatus,u.nickname,u.headerimg FROM yx_order o INNER JOIN yx_user u on o.ouid=u.uid  WHERE ( o.ostatus=1 and ogid=8 ) LIMIT 3   [ RunTime:0.0000s ]
SQL: SELECT SUM(onum) AS tp_sum FROM `yx_order` WHERE ( osid=5 and ostatus=1 and ogid=9 ) LIMIT 1   [ RunTime:0.0000s ]
SQL: SELECT o.oid,o.ostatus,u.nickname,u.headerimg FROM yx_order o INNER JOIN yx_user u on o.ouid=u.uid  WHERE ( o.ostatus=1 and ogid=9 ) LIMIT 3   [ RunTime:0.0000s ]
SQL: SELECT SUM(onum) AS tp_sum FROM `yx_order` WHERE ( osid=5 and ostatus=1 and ogid=10 ) LIMIT 1   [ RunTime:0.0000s ]
SQL: SELECT o.oid,o.ostatus,u.nickname,u.headerimg FROM yx_order o INNER JOIN yx_user u on o.ouid=u.uid  WHERE ( o.ostatus=1 and ogid=10 ) LIMIT 3   [ RunTime:0.0000s ]
SQL: SELECT SUM(onum) AS tp_sum FROM `yx_order` WHERE ( osid=5 and ostatus=1 and ogid=11 ) LIMIT 1   [ RunTime:0.0000s ]
SQL: SELECT o.oid,o.ostatus,u.nickname,u.headerimg FROM yx_order o INNER JOIN yx_user u on o.ouid=u.uid  WHERE ( o.ostatus=1 and ogid=11 ) LIMIT 3   [ RunTime:0.0000s ]
INFO: [ view_parse ] --START--
INFO: [ template_filter ] --START--
INFO: Run Behavior\ContentReplaceBehavior [ RunTime:0.000048s ]
INFO: [ template_filter ] --END-- [ RunTime:0.000088s ]
NOTIC: [8] Use of undefined constant gid - assumed 'gid' /www/wwwroot/jsq.dede1.com/tp3/youxuan/Runtime/Cache/Home/09930d8c7658199ebeca15374c667bd0.php 第 42 行.
NOTIC: [8] Use of undefined constant gid - assumed 'gid' /www/wwwroot/jsq.dede1.com/tp3/youxuan/Runtime/Cache/Home/09930d8c7658199ebeca15374c667bd0.php 第 42 行.
NOTIC: [8] Use of undefined constant gid - assumed 'gid' /www/wwwroot/jsq.dede1.com/tp3/youxuan/Runtime/Cache/Home/09930d8c7658199ebeca15374c667bd0.php 第 42 行.
NOTIC: [8] Use of undefined constant gid - assumed 'gid' /www/wwwroot/jsq.dede1.com/tp3/youxuan/Runtime/Cache/Home/09930d8c7658199ebeca15374c667bd0.php 第 42 行.
NOTIC: [8] Use of undefined constant gid - assumed 'gid' /www/wwwroot/jsq.dede1.com/tp3/youxuan/Runtime/Cache/Home/09930d8c7658199ebeca15374c667bd0.php 第 42 行.
NOTIC: [8] Use of undefined constant gid - assumed 'gid' /www/wwwroot/jsq.dede1.com/tp3/youxuan/Runtime/Cache/Home/09930d8c7658199ebeca15374c667bd0.php 第 42 行.
NOTIC: [8] Use of undefined constant gid - assumed 'gid' /www/wwwroot/jsq.dede1.com/tp3/youxuan/Runtime/Cache/Home/09930d8c7658199ebeca15374c667bd0.php 第 42 行.
NOTIC: [8] Use of undefined constant gid - assumed 'gid' /www/wwwroot/jsq.dede1.com/tp3/youxuan/Runtime/Cache/Home/09930d8c7658199ebeca15374c667bd0.php 第 42 行.
INFO: Run Behavior\ParseTemplateBehavior [ RunTime:0.006596s ]
INFO: [ view_parse ] --END-- [ RunTime:0.006622s ]
INFO: [ view_filter ] --START--
INFO: Run Behavior\WriteHtmlCacheBehavior [ RunTime:0.000185s ]
INFO: [ view_filter ] --END-- [ RunTime:0.000208s ]
INFO: [ app_end ] --START--
INFO: Run Behavior\ShowPageTraceBehavior [ RunTime:0.000383s ]
INFO: [ app_end ] --END-- [ RunTime:0.000413s ]

[ 2018-08-27T10:15:05+08:00 ] 101.89.29.97 /tp3/youxuan/index.php/Index/index/sid/5.html
INFO: [ app_init ] --START--
INFO: Run Behavior\BuildLiteBehavior [ RunTime:0.000011s ]
INFO: [ app_init ] --END-- [ RunTime:0.000287s ]
INFO: [ app_begin ] --START--
INFO: Run Behavior\ReadHtmlCacheBehavior [ RunTime:0.000421s ]
INFO: [ app_begin ] --END-- [ RunTime:0.000453s ]
SQL: SHOW COLUMNS FROM `yx_configinfo` [ RunTime:0.0005s ]
SQL: SELECT * FROM `yx_configinfo` WHERE ( id=1 ) LIMIT 1   [ RunTime:0.0001s ]
INFO: [ app_end ] --START--
INFO: Run Behavior\ShowPageTraceBehavior [ RunTime:0.000425s ]
INFO: [ app_end ] --END-- [ RunTime:0.000458s ]

[ 2018-08-27T10:15:07+08:00 ] 61.151.178.173 /tp3/youxuan/index.php?sid=5
INFO: [ app_init ] --START--
INFO: Run Behavior\BuildLiteBehavior [ RunTime:0.000010s ]
INFO: [ app_init ] --END-- [ RunTime:0.000269s ]
INFO: [ app_begin ] --START--
INFO: Run Behavior\ReadHtmlCacheBehavior [ RunTime:0.000392s ]
INFO: [ app_begin ] --END-- [ RunTime:0.000424s ]
SQL: SHOW COLUMNS FROM `yx_configinfo` [ RunTime:0.0005s ]
SQL: SELECT * FROM `yx_configinfo` WHERE ( id=1 ) LIMIT 1   [ RunTime:0.0001s ]
INFO: [ app_end ] --START--
INFO: Run Behavior\ShowPageTraceBehavior [ RunTime:0.000415s ]
INFO: [ app_end ] --END-- [ RunTime:0.000449s ]

[ 2018-08-27T10:29:16+08:00 ] 119.123.100.232 /tp3/youxuan/?sid=5
INFO: [ app_init ] --START--
INFO: Run Behavior\BuildLiteBehavior [ RunTime:0.000011s ]
INFO: [ app_init ] --END-- [ RunTime:0.000273s ]
INFO: [ app_begin ] --START--
INFO: Run Behavior\ReadHtmlCacheBehavior [ RunTime:0.000362s ]
INFO: [ app_begin ] --END-- [ RunTime:0.000396s ]
SQL: SHOW COLUMNS FROM `yx_shop` [ RunTime:0.0005s ]
SQL: SELECT `did`,`dname`,`dheaderimg`,`dphone`,`dpretime`,`dendtime`,`dsign`,`daddress` FROM `yx_shop` WHERE ( did=5 ) LIMIT 1   [ RunTime:0.0001s ]
SQL: SHOW COLUMNS FROM `yx_order` [ RunTime:0.0003s ]
SQL: SELECT SUM(onum) AS tp_sum FROM `yx_order` WHERE ( osid=5 and ostatus=1 ) LIMIT 1   [ RunTime:0.0002s ]
SQL: SHOW COLUMNS FROM `yx_user` [ RunTime:0.0003s ]
SQL: SELECT COUNT(*) AS tp_count FROM `yx_user` WHERE ( shopid=5 ) LIMIT 1   [ RunTime:0.0000s ]
SQL: SHOW COLUMNS FROM `yx_goods` [ RunTime:0.0003s ]
SQL: SELECT `gid`,`gboss`,`sid`,`gtopimg`,`gtitle`,`gyhprice`,`gprice`,`gdes`,`gendnum` FROM `yx_goods`  [ RunTime:0.0001s ]
SQL: SELECT SUM(onum) AS tp_sum FROM `yx_order` WHERE ( osid=5 and ostatus=1 and ogid=2 ) LIMIT 1   [ RunTime:0.0001s ]
SQL: SELECT o.oid,o.ostatus,u.nickname,u.headerimg FROM yx_order o INNER JOIN yx_user u on o.ouid=u.uid  WHERE ( o.ostatus=1 and ogid=2 ) LIMIT 3   [ RunTime:0.0001s ]
SQL: SELECT SUM(onum) AS tp_sum FROM `yx_order` WHERE ( osid=5 and ostatus=1 and ogid=5 ) LIMIT 1   [ RunTime:0.0001s ]
SQL: SELECT o.oid,o.ostatus,u.nickname,u.headerimg FROM yx_order o INNER JOIN yx_user u on o.ouid=u.uid  WHERE ( o.ostatus=1 and ogid=5 ) LIMIT 3   [ RunTime:0.0001s ]
SQL: SELECT SUM(onum) AS tp_sum FROM `yx_order` WHERE ( osid=5 and ostatus=1 and ogid=6 ) LIMIT 1   [ RunTime:0.0001s ]
SQL: SELECT o.oid,o.ostatus,u.nickname,u.headerimg FROM yx_order o INNER JOIN yx_user u on o.ouid=u.uid  WHERE ( o.ostatus=1 and ogid=6 ) LIMIT 3   [ RunTime:0.0001s ]
SQL: SELECT SUM(onum) AS tp_sum FROM `yx_order` WHERE ( osid=5 and ostatus=1 and ogid=7 ) LIMIT 1   [ RunTime:0.0000s ]
SQL: SELECT o.oid,o.ostatus,u.nickname,u.headerimg FROM yx_order o INNER JOIN yx_user u on o.ouid=u.uid  WHERE ( o.ostatus=1 and ogid=7 ) LIMIT 3   [ RunTime:0.0000s ]
SQL: SELECT SUM(onum) AS tp_sum FROM `yx_order` WHERE ( osid=5 and ostatus=1 and ogid=8 ) LIMIT 1   [ RunTime:0.0000s ]
SQL: SELECT o.oid,o.ostatus,u.nickname,u.headerimg FROM yx_order o INNER JOIN yx_user u on o.ouid=u.uid  WHERE ( o.ostatus=1 and ogid=8 ) LIMIT 3   [ RunTime:0.0001s ]
SQL: SELECT SUM(onum) AS tp_sum FROM `yx_order` WHERE ( osid=5 and ostatus=1 and ogid=9 ) LIMIT 1   [ RunTime:0.0000s ]
SQL: SELECT o.oid,o.ostatus,u.nickname,u.headerimg FROM yx_order o INNER JOIN yx_user u on o.ouid=u.uid  WHERE ( o.ostatus=1 and ogid=9 ) LIMIT 3   [ RunTime:0.0000s ]
SQL: SELECT SUM(onum) AS tp_sum FROM `yx_order` WHERE ( osid=5 and ostatus=1 and ogid=10 ) LIMIT 1   [ RunTime:0.0000s ]
SQL: SELECT o.oid,o.ostatus,u.nickname,u.headerimg FROM yx_order o INNER JOIN yx_user u on o.ouid=u.uid  WHERE ( o.ostatus=1 and ogid=10 ) LIMIT 3   [ RunTime:0.0000s ]
SQL: SELECT SUM(onum) AS tp_sum FROM `yx_order` WHERE ( osid=5 and ostatus=1 and ogid=11 ) LIMIT 1   [ RunTime:0.0000s ]
SQL: SELECT o.oid,o.ostatus,u.nickname,u.headerimg FROM yx_order o INNER JOIN yx_user u on o.ouid=u.uid  WHERE ( o.ostatus=1 and ogid=11 ) LIMIT 3   [ RunTime:0.0000s ]
INFO: [ view_parse ] --START--
INFO: [ template_filter ] --START--
INFO: Run Behavior\ContentReplaceBehavior [ RunTime:0.000043s ]
INFO: [ template_filter ] --END-- [ RunTime:0.000076s ]
NOTIC: [8] Use of undefined constant gid - assumed 'gid' /www/wwwroot/jsq.dede1.com/tp3/youxuan/Runtime/Cache/Home/09930d8c7658199ebeca15374c667bd0.php 第 42 行.
NOTIC: [8] Use of undefined constant gid - assumed 'gid' /www/wwwroot/jsq.dede1.com/tp3/youxuan/Runtime/Cache/Home/09930d8c7658199ebeca15374c667bd0.php 第 42 行.
NOTIC: [8] Use of undefined constant gid - assumed 'gid' /www/wwwroot/jsq.dede1.com/tp3/youxuan/Runtime/Cache/Home/09930d8c7658199ebeca15374c667bd0.php 第 42 行.
NOTIC: [8] Use of undefined constant gid - assumed 'gid' /www/wwwroot/jsq.dede1.com/tp3/youxuan/Runtime/Cache/Home/09930d8c7658199ebeca15374c667bd0.php 第 42 行.
NOTIC: [8] Use of undefined constant gid - assumed 'gid' /www/wwwroot/jsq.dede1.com/tp3/youxuan/Runtime/Cache/Home/09930d8c7658199ebeca15374c667bd0.php 第 42 行.
NOTIC: [8] Use of undefined constant gid - assumed 'gid' /www/wwwroot/jsq.dede1.com/tp3/youxuan/Runtime/Cache/Home/09930d8c7658199ebeca15374c667bd0.php 第 42 行.
NOTIC: [8] Use of undefined constant gid - assumed 'gid' /www/wwwroot/jsq.dede1.com/tp3/youxuan/Runtime/Cache/Home/09930d8c7658199ebeca15374c667bd0.php 第 42 行.
NOTIC: [8] Use of undefined constant gid - assumed 'gid' /www/wwwroot/jsq.dede1.com/tp3/youxuan/Runtime/Cache/Home/09930d8c7658199ebeca15374c667bd0.php 第 42 行.
INFO: Run Behavior\ParseTemplateBehavior [ RunTime:0.006387s ]
INFO: [ view_parse ] --END-- [ RunTime:0.006416s ]
INFO: [ view_filter ] --START--
INFO: Run Behavior\WriteHtmlCacheBehavior [ RunTime:0.000187s ]
INFO: [ view_filter ] --END-- [ RunTime:0.000212s ]
INFO: [ app_end ] --START--
INFO: Run Behavior\ShowPageTraceBehavior [ RunTime:0.000378s ]
INFO: [ app_end ] --END-- [ RunTime:0.000410s ]

[ 2018-08-27T10:40:44+08:00 ] 119.123.100.232 /tp3/youxuan/?sid=5
INFO: [ app_init ] --START--
INFO: Run Behavior\BuildLiteBehavior [ RunTime:0.000014s ]
INFO: [ app_init ] --END-- [ RunTime:0.000419s ]
INFO: [ app_begin ] --START--
INFO: Run Behavior\ReadHtmlCacheBehavior [ RunTime:0.000570s ]
INFO: [ app_begin ] --END-- [ RunTime:0.000618s ]
SQL: SHOW COLUMNS FROM `yx_configinfo` [ RunTime:0.0007s ]
SQL: SELECT * FROM `yx_configinfo` WHERE ( id=1 ) LIMIT 1   [ RunTime:0.0001s ]
INFO: [ app_end ] --START--
INFO: Run Behavior\ShowPageTraceBehavior [ RunTime:0.000428s ]
INFO: [ app_end ] --END-- [ RunTime:0.000460s ]

[ 2018-08-27T10:40:52+08:00 ] 119.123.100.232 /tp3/youxuan/?sid=5\
INFO: [ app_init ] --START--
INFO: Run Behavior\BuildLiteBehavior [ RunTime:0.000011s ]
INFO: [ app_init ] --END-- [ RunTime:0.000267s ]
INFO: [ app_begin ] --START--
INFO: Run Behavior\ReadHtmlCacheBehavior [ RunTime:0.000373s ]
INFO: [ app_begin ] --END-- [ RunTime:0.000406s ]
SQL: SHOW COLUMNS FROM `yx_configinfo` [ RunTime:0.0006s ]
SQL: SELECT * FROM `yx_configinfo` WHERE ( id=1 ) LIMIT 1   [ RunTime:0.0001s ]
INFO: [ app_end ] --START--
INFO: Run Behavior\ShowPageTraceBehavior [ RunTime:0.000420s ]
INFO: [ app_end ] --END-- [ RunTime:0.000461s ]

[ 2018-08-27T10:40:55+08:00 ] 119.123.100.232 /tp3/youxuan/index.php/index/dealwxlogin?code=011Gugcg0R0toz1ldkdg0L7gcg0Gugcm&state=5%5C
INFO: [ app_init ] --START--
INFO: Run Behavior\BuildLiteBehavior [ RunTime:0.000010s ]
INFO: [ app_init ] --END-- [ RunTime:0.000271s ]
INFO: [ app_begin ] --START--
INFO: Run Behavior\ReadHtmlCacheBehavior [ RunTime:0.000380s ]
INFO: [ app_begin ] --END-- [ RunTime:0.000413s ]
SQL: SHOW COLUMNS FROM `yx_configinfo` [ RunTime:0.0005s ]
SQL: SELECT * FROM `yx_configinfo` WHERE ( id=1 ) LIMIT 1   [ RunTime:0.0001s ]
SQL: SHOW COLUMNS FROM `yx_user` [ RunTime:0.0006s ]
SQL: SELECT * FROM `yx_user` WHERE `openid` = 'o9uGT0RhDgWsy3NNvuN7QYuHE2xk' LIMIT 1   [ RunTime:0.0001s ]

[ 2018-08-27T10:40:56+08:00 ] 119.123.100.232 /tp3/youxuan/index.php/Index/index/sid/5%5C.html
INFO: [ app_init ] --START--
INFO: Run Behavior\BuildLiteBehavior [ RunTime:0.000010s ]
INFO: [ app_init ] --END-- [ RunTime:0.000280s ]
INFO: [ app_begin ] --START--
INFO: Run Behavior\ReadHtmlCacheBehavior [ RunTime:0.000382s ]
INFO: [ app_begin ] --END-- [ RunTime:0.000415s ]
SQL: SHOW COLUMNS FROM `yx_shop` [ RunTime:0.0005s ]
ERR: 1064:You have an error in your SQL syntax; check the manual that corresponds to your MySQL server version for the right syntax to use near '\ ) LIMIT 1' at line 1
 [ SQL语句 ] : SELECT `did`,`dname`,`dheaderimg`,`dphone`,`dpretime`,`dendtime`,`dsign`,`daddress` FROM `yx_shop` WHERE ( did=5\ ) LIMIT 1  
ERR: 1064:You have an error in your SQL syntax; check the manual that corresponds to your MySQL server version for the right syntax to use near '\ ) LIMIT 1' at line 1
 [ SQL语句 ] : SELECT `did`,`dname`,`dheaderimg`,`dphone`,`dpretime`,`dendtime`,`dsign`,`daddress` FROM `yx_shop` WHERE ( did=5\ ) LIMIT 1  

[ 2018-08-27T10:41:04+08:00 ] 119.123.100.232 /tp3/youxuan/index.php?sid=5
INFO: [ app_init ] --START--
INFO: Run Behavior\BuildLiteBehavior [ RunTime:0.000010s ]
INFO: [ app_init ] --END-- [ RunTime:0.000263s ]
INFO: [ app_begin ] --START--
INFO: Run Behavior\ReadHtmlCacheBehavior [ RunTime:0.000358s ]
INFO: [ app_begin ] --END-- [ RunTime:0.000391s ]
SQL: SHOW COLUMNS FROM `yx_shop` [ RunTime:0.0005s ]
SQL: SELECT `did`,`dname`,`dheaderimg`,`dphone`,`dpretime`,`dendtime`,`dsign`,`daddress` FROM `yx_shop` WHERE ( did=5 ) LIMIT 1   [ RunTime:0.0001s ]
SQL: SHOW COLUMNS FROM `yx_order` [ RunTime:0.0003s ]
SQL: SELECT SUM(onum) AS tp_sum FROM `yx_order` WHERE ( osid=5 and ostatus=1 ) LIMIT 1   [ RunTime:0.0002s ]
SQL: SHOW COLUMNS FROM `yx_user` [ RunTime:0.0003s ]
SQL: SELECT COUNT(*) AS tp_count FROM `yx_user` WHERE ( shopid=5 ) LIMIT 1   [ RunTime:0.0000s ]
SQL: SHOW COLUMNS FROM `yx_goods` [ RunTime:0.0003s ]
SQL: SELECT `gid`,`gboss`,`sid`,`gtopimg`,`gtitle`,`gyhprice`,`gprice`,`gdes`,`gendnum` FROM `yx_goods`  [ RunTime:0.0001s ]
SQL: SELECT SUM(onum) AS tp_sum FROM `yx_order` WHERE ( osid=5 and ostatus=1 and ogid=2 ) LIMIT 1   [ RunTime:0.0001s ]
SQL: SELECT o.oid,o.ostatus,u.nickname,u.headerimg FROM yx_order o INNER JOIN yx_user u on o.ouid=u.uid  WHERE ( o.ostatus=1 and ogid=2 ) LIMIT 3   [ RunTime:0.0001s ]
SQL: SELECT SUM(onum) AS tp_sum FROM `yx_order` WHERE ( osid=5 and ostatus=1 and ogid=5 ) LIMIT 1   [ RunTime:0.0001s ]
SQL: SELECT o.oid,o.ostatus,u.nickname,u.headerimg FROM yx_order o INNER JOIN yx_user u on o.ouid=u.uid  WHERE ( o.ostatus=1 and ogid=5 ) LIMIT 3   [ RunTime:0.0001s ]
SQL: SELECT SUM(onum) AS tp_sum FROM `yx_order` WHERE ( osid=5 and ostatus=1 and ogid=6 ) LIMIT 1   [ RunTime:0.0001s ]
SQL: SELECT o.oid,o.ostatus,u.nickname,u.headerimg FROM yx_order o INNER JOIN yx_user u on o.ouid=u.uid  WHERE ( o.ostatus=1 and ogid=6 ) LIMIT 3   [ RunTime:0.0000s ]
SQL: SELECT SUM(onum) AS tp_sum FROM `yx_order` WHERE ( osid=5 and ostatus=1 and ogid=7 ) LIMIT 1   [ RunTime:0.0000s ]
SQL: SELECT o.oid,o.ostatus,u.nickname,u.headerimg FROM yx_order o INNER JOIN yx_user u on o.ouid=u.uid  WHERE ( o.ostatus=1 and ogid=7 ) LIMIT 3   [ RunTime:0.0000s ]
SQL: SELECT SUM(onum) AS tp_sum FROM `yx_order` WHERE ( osid=5 and ostatus=1 and ogid=8 ) LIMIT 1   [ RunTime:0.0000s ]
SQL: SELECT o.oid,o.ostatus,u.nickname,u.headerimg FROM yx_order o INNER JOIN yx_user u on o.ouid=u.uid  WHERE ( o.ostatus=1 and ogid=8 ) LIMIT 3   [ RunTime:0.0000s ]
SQL: SELECT SUM(onum) AS tp_sum FROM `yx_order` WHERE ( osid=5 and ostatus=1 and ogid=9 ) LIMIT 1   [ RunTime:0.0000s ]
SQL: SELECT o.oid,o.ostatus,u.nickname,u.headerimg FROM yx_order o INNER JOIN yx_user u on o.ouid=u.uid  WHERE ( o.ostatus=1 and ogid=9 ) LIMIT 3   [ RunTime:0.0000s ]
SQL: SELECT SUM(onum) AS tp_sum FROM `yx_order` WHERE ( osid=5 and ostatus=1 and ogid=10 ) LIMIT 1   [ RunTime:0.0000s ]
SQL: SELECT o.oid,o.ostatus,u.nickname,u.headerimg FROM yx_order o INNER JOIN yx_user u on o.ouid=u.uid  WHERE ( o.ostatus=1 and ogid=10 ) LIMIT 3   [ RunTime:0.0000s ]
SQL: SELECT SUM(onum) AS tp_sum FROM `yx_order` WHERE ( osid=5 and ostatus=1 and ogid=11 ) LIMIT 1   [ RunTime:0.0000s ]
SQL: SELECT o.oid,o.ostatus,u.nickname,u.headerimg FROM yx_order o INNER JOIN yx_user u on o.ouid=u.uid  WHERE ( o.ostatus=1 and ogid=11 ) LIMIT 3   [ RunTime:0.0000s ]
INFO: [ view_parse ] --START--
INFO: [ template_filter ] --START--
INFO: Run Behavior\ContentReplaceBehavior [ RunTime:0.000044s ]
INFO: [ template_filter ] --END-- [ RunTime:0.000075s ]
NOTIC: [8] Use of undefined constant gid - assumed 'gid' /www/wwwroot/jsq.dede1.com/tp3/youxuan/Runtime/Cache/Home/09930d8c7658199ebeca15374c667bd0.php 第 42 行.
NOTIC: [8] Use of undefined constant gid - assumed 'gid' /www/wwwroot/jsq.dede1.com/tp3/youxuan/Runtime/Cache/Home/09930d8c7658199ebeca15374c667bd0.php 第 42 行.
NOTIC: [8] Use of undefined constant gid - assumed 'gid' /www/wwwroot/jsq.dede1.com/tp3/youxuan/Runtime/Cache/Home/09930d8c7658199ebeca15374c667bd0.php 第 42 行.
NOTIC: [8] Use of undefined constant gid - assumed 'gid' /www/wwwroot/jsq.dede1.com/tp3/youxuan/Runtime/Cache/Home/09930d8c7658199ebeca15374c667bd0.php 第 42 行.
NOTIC: [8] Use of undefined constant gid - assumed 'gid' /www/wwwroot/jsq.dede1.com/tp3/youxuan/Runtime/Cache/Home/09930d8c7658199ebeca15374c667bd0.php 第 42 行.
NOTIC: [8] Use of undefined constant gid - assumed 'gid' /www/wwwroot/jsq.dede1.com/tp3/youxuan/Runtime/Cache/Home/09930d8c7658199ebeca15374c667bd0.php 第 42 行.
NOTIC: [8] Use of undefined constant gid - assumed 'gid' /www/wwwroot/jsq.dede1.com/tp3/youxuan/Runtime/Cache/Home/09930d8c7658199ebeca15374c667bd0.php 第 42 行.
NOTIC: [8] Use of undefined constant gid - assumed 'gid' /www/wwwroot/jsq.dede1.com/tp3/youxuan/Runtime/Cache/Home/09930d8c7658199ebeca15374c667bd0.php 第 42 行.
INFO: Run Behavior\ParseTemplateBehavior [ RunTime:0.006399s ]
INFO: [ view_parse ] --END-- [ RunTime:0.006437s ]
INFO: [ view_filter ] --START--
INFO: Run Behavior\WriteHtmlCacheBehavior [ RunTime:0.000183s ]
INFO: [ view_filter ] --END-- [ RunTime:0.000207s ]
INFO: [ app_end ] --START--
INFO: Run Behavior\ShowPageTraceBehavior [ RunTime:0.000382s ]
INFO: [ app_end ] --END-- [ RunTime:0.000412s ]

