[ 2018-09-10T17:24:09+08:00 ] ::1 /youxuan/youxuan/index.php/superadmin
INFO: [ app_init ] --START--
INFO: Run Behavior\BuildLiteBehavior [ RunTime:0.000000s ]
INFO: [ app_init ] --END-- [ RunTime:0.001000s ]
INFO: [ app_begin ] --START--
INFO: Run Behavior\ReadHtmlCacheBehavior [ RunTime:0.002001s ]
INFO: [ app_begin ] --END-- [ RunTime:0.002001s ]
SQL: SHOW COLUMNS FROM `yx_configinfo` [ RunTime:0.0130s ]
SQL: SELECT * FROM `yx_configinfo`  [ RunTime:0.0010s ]
INFO: [ view_parse ] --START--
INFO: [ template_filter ] --START--
INFO: Run Behavior\ContentReplaceBehavior [ RunTime:0.000000s ]
INFO: [ template_filter ] --END-- [ RunTime:0.000000s ]
NOTIC: [8] Undefined variable: sid E:\mydemo\youxuan\youxuan\Runtime\Cache\Superadmin\673100009f17fa30c176ba50fae8e703.php 第 119 行.
NOTIC: [8] Undefined variable: sid E:\mydemo\youxuan\youxuan\Runtime\Cache\Superadmin\673100009f17fa30c176ba50fae8e703.php 第 127 行.
INFO: Run Behavior\ParseTemplateBehavior [ RunTime:0.024001s ]
INFO: [ view_parse ] --END-- [ RunTime:0.024001s ]
INFO: [ view_filter ] --START--
INFO: Run Behavior\WriteHtmlCacheBehavior [ RunTime:0.002000s ]
INFO: [ view_filter ] --END-- [ RunTime:0.002000s ]
INFO: [ app_end ] --START--
INFO: Run Behavior\ShowPageTraceBehavior [ RunTime:0.004000s ]
INFO: [ app_end ] --END-- [ RunTime:0.004000s ]

[ 2018-09-10T17:24:11+08:00 ] ::1 /youxuan/youxuan/index.php/Superadmin/Configinfo/configinfo
INFO: [ app_init ] --START--
INFO: Run Behavior\BuildLiteBehavior [ RunTime:0.000000s ]
INFO: [ app_init ] --END-- [ RunTime:0.001000s ]
INFO: [ app_begin ] --START--
INFO: Run Behavior\ReadHtmlCacheBehavior [ RunTime:0.001000s ]
INFO: [ app_begin ] --END-- [ RunTime:0.001000s ]
SQL: SHOW COLUMNS FROM `yx_configinfo` [ RunTime:0.0150s ]
SQL: SELECT * FROM `yx_configinfo` WHERE ( sid=0 )  [ RunTime:0.0010s ]
INFO: [ view_parse ] --START--
INFO: [ template_filter ] --START--
INFO: Run Behavior\ContentReplaceBehavior [ RunTime:0.000000s ]
INFO: [ template_filter ] --END-- [ RunTime:0.000000s ]
NOTIC: [8] Undefined variable: title E:\mydemo\youxuan\youxuan\Runtime\Cache\Superadmin\0e13083eb99cad76676c558a650fc297.php 第 17 行.
NOTIC: [8] Undefined index: title E:\mydemo\youxuan\youxuan\Runtime\Cache\Superadmin\0e13083eb99cad76676c558a650fc297.php 第 57 行.
NOTIC: [8] Undefined index: smssign E:\mydemo\youxuan\youxuan\Runtime\Cache\Superadmin\0e13083eb99cad76676c558a650fc297.php 第 57 行.
INFO: Run Behavior\ParseTemplateBehavior [ RunTime:0.020002s ]
INFO: [ view_parse ] --END-- [ RunTime:0.020002s ]
INFO: [ view_filter ] --START--
INFO: Run Behavior\WriteHtmlCacheBehavior [ RunTime:0.001000s ]
INFO: [ view_filter ] --END-- [ RunTime:0.001000s ]
INFO: [ app_end ] --START--
INFO: Run Behavior\ShowPageTraceBehavior [ RunTime:0.001000s ]
INFO: [ app_end ] --END-- [ RunTime:0.001000s ]

[ 2018-09-10T17:24:16+08:00 ] ::1 /youxuan/youxuan/index.php/Superadmin/Goodslist/goodslist
INFO: [ app_init ] --START--
INFO: Run Behavior\BuildLiteBehavior [ RunTime:0.000000s ]
INFO: [ app_init ] --END-- [ RunTime:0.001000s ]
INFO: [ app_begin ] --START--
INFO: Run Behavior\ReadHtmlCacheBehavior [ RunTime:0.003000s ]
INFO: [ app_begin ] --END-- [ RunTime:0.003000s ]
SQL: SHOW COLUMNS FROM `yx_goods` [ RunTime:0.0140s ]
SQL: SELECT * FROM `yx_goods`  [ RunTime:0.0010s ]
ERR: 1054:Unknown column 'gstatus' in 'where clause'
 [ SQL语句 ] : SELECT * FROM `yx_goods` WHERE ( gstatus=0 ) 
ERR: 1054:Unknown column 'gstatus' in 'where clause'
 [ SQL语句 ] : SELECT * FROM `yx_goods` WHERE ( gstatus=0 ) 

[ 2018-09-10T17:25:20+08:00 ] ::1 /youxuan/youxuan/index.php/superadmin
INFO: [ app_init ] --START--
INFO: Run Behavior\BuildLiteBehavior [ RunTime:0.000000s ]
INFO: [ app_init ] --END-- [ RunTime:0.000000s ]
INFO: [ app_begin ] --START--
INFO: Run Behavior\ReadHtmlCacheBehavior [ RunTime:0.001000s ]
INFO: [ app_begin ] --END-- [ RunTime:0.001000s ]
SQL: SHOW COLUMNS FROM `yx_configinfo` [ RunTime:0.0140s ]
SQL: SELECT * FROM `yx_configinfo`  [ RunTime:0.0020s ]
INFO: [ view_parse ] --START--
INFO: [ template_filter ] --START--
INFO: Run Behavior\ContentReplaceBehavior [ RunTime:0.000000s ]
INFO: [ template_filter ] --END-- [ RunTime:0.000000s ]
NOTIC: [8] Undefined variable: sid E:\mydemo\youxuan\youxuan\Runtime\Cache\Superadmin\673100009f17fa30c176ba50fae8e703.php 第 119 行.
NOTIC: [8] Undefined variable: sid E:\mydemo\youxuan\youxuan\Runtime\Cache\Superadmin\673100009f17fa30c176ba50fae8e703.php 第 127 行.
INFO: Run Behavior\ParseTemplateBehavior [ RunTime:0.019001s ]
INFO: [ view_parse ] --END-- [ RunTime:0.019001s ]
INFO: [ view_filter ] --START--
INFO: Run Behavior\WriteHtmlCacheBehavior [ RunTime:0.002000s ]
INFO: [ view_filter ] --END-- [ RunTime:0.002000s ]
INFO: [ app_end ] --START--
INFO: Run Behavior\ShowPageTraceBehavior [ RunTime:0.002000s ]
INFO: [ app_end ] --END-- [ RunTime:0.002000s ]

[ 2018-09-10T17:25:21+08:00 ] ::1 /youxuan/youxuan/index.php/Superadmin/Configinfo/configinfo
INFO: [ app_init ] --START--
INFO: Run Behavior\BuildLiteBehavior [ RunTime:0.000000s ]
INFO: [ app_init ] --END-- [ RunTime:0.001000s ]
INFO: [ app_begin ] --START--
INFO: Run Behavior\ReadHtmlCacheBehavior [ RunTime:0.002000s ]
INFO: [ app_begin ] --END-- [ RunTime:0.002000s ]
SQL: SHOW COLUMNS FROM `yx_configinfo` [ RunTime:0.0150s ]
SQL: SELECT * FROM `yx_configinfo` WHERE ( sid=0 )  [ RunTime:0.0010s ]
INFO: [ view_parse ] --START--
INFO: [ template_filter ] --START--
INFO: Run Behavior\ContentReplaceBehavior [ RunTime:0.001000s ]
INFO: [ template_filter ] --END-- [ RunTime:0.001000s ]
NOTIC: [8] Undefined variable: title E:\mydemo\youxuan\youxuan\Runtime\Cache\Superadmin\0e13083eb99cad76676c558a650fc297.php 第 17 行.
NOTIC: [8] Undefined index: title E:\mydemo\youxuan\youxuan\Runtime\Cache\Superadmin\0e13083eb99cad76676c558a650fc297.php 第 57 行.
INFO: Run Behavior\ParseTemplateBehavior [ RunTime:0.018001s ]
INFO: [ view_parse ] --END-- [ RunTime:0.018001s ]
INFO: [ view_filter ] --START--
INFO: Run Behavior\WriteHtmlCacheBehavior [ RunTime:0.002000s ]
INFO: [ view_filter ] --END-- [ RunTime:0.002000s ]
INFO: [ app_end ] --START--
INFO: Run Behavior\ShowPageTraceBehavior [ RunTime:0.001000s ]
INFO: [ app_end ] --END-- [ RunTime:0.001000s ]

[ 2018-09-10T17:25:25+08:00 ] ::1 /youxuan/youxuan/index.php/Superadmin/Goodslist/goodslist
INFO: [ app_init ] --START--
INFO: Run Behavior\BuildLiteBehavior [ RunTime:0.000000s ]
INFO: [ app_init ] --END-- [ RunTime:0.002001s ]
INFO: [ app_begin ] --START--
INFO: Run Behavior\ReadHtmlCacheBehavior [ RunTime:0.001000s ]
INFO: [ app_begin ] --END-- [ RunTime:0.001000s ]
SQL: SHOW COLUMNS FROM `yx_goods` [ RunTime:0.0140s ]
SQL: SELECT * FROM `yx_goods`  [ RunTime:0.0010s ]
SQL: SELECT * FROM `yx_goods` WHERE ( gstatus=0 )  [ RunTime:0.0010s ]
INFO: [ view_parse ] --START--
INFO: [ template_filter ] --START--
INFO: Run Behavior\ContentReplaceBehavior [ RunTime:0.000000s ]
INFO: [ template_filter ] --END-- [ RunTime:0.000000s ]
NOTIC: [8] Undefined variable: title E:\mydemo\youxuan\youxuan\Runtime\Cache\Superadmin\ef1e5b7824db79fcb52a4b482b9e0ed5.php 第 18 行.
INFO: Run Behavior\ParseTemplateBehavior [ RunTime:0.021002s ]
INFO: [ view_parse ] --END-- [ RunTime:0.021002s ]
INFO: [ view_filter ] --START--
INFO: Run Behavior\WriteHtmlCacheBehavior [ RunTime:0.001000s ]
INFO: [ view_filter ] --END-- [ RunTime:0.001000s ]
INFO: [ app_end ] --START--
INFO: Run Behavior\ShowPageTraceBehavior [ RunTime:0.002000s ]
INFO: [ app_end ] --END-- [ RunTime:0.002000s ]

[ 2018-09-10T17:27:26+08:00 ] ::1 /youxuan/youxuan/index.php/Superadmin/Goodslist/goodslist
INFO: [ app_init ] --START--
INFO: Run Behavior\BuildLiteBehavior [ RunTime:0.000000s ]
INFO: [ app_init ] --END-- [ RunTime:0.001000s ]
INFO: [ app_begin ] --START--
INFO: Run Behavior\ReadHtmlCacheBehavior [ RunTime:0.001000s ]
INFO: [ app_begin ] --END-- [ RunTime:0.001000s ]
SQL: SHOW COLUMNS FROM `yx_goods` [ RunTime:0.0170s ]
SQL: SELECT * FROM `yx_goods`  [ RunTime:0.0010s ]
SQL: SELECT * FROM `yx_goods` WHERE ( gstatus=0 )  [ RunTime:0.0010s ]
INFO: [ view_parse ] --START--
INFO: [ template_filter ] --START--
INFO: Run Behavior\ContentReplaceBehavior [ RunTime:0.000000s ]
INFO: [ template_filter ] --END-- [ RunTime:0.000000s ]
NOTIC: [8] Undefined variable: title E:\mydemo\youxuan\youxuan\Runtime\Cache\Superadmin\ef1e5b7824db79fcb52a4b482b9e0ed5.php 第 18 行.
INFO: Run Behavior\ParseTemplateBehavior [ RunTime:0.025002s ]
INFO: [ view_parse ] --END-- [ RunTime:0.025002s ]
INFO: [ view_filter ] --START--
INFO: Run Behavior\WriteHtmlCacheBehavior [ RunTime:0.002000s ]
INFO: [ view_filter ] --END-- [ RunTime:0.002000s ]
INFO: [ app_end ] --START--
INFO: Run Behavior\ShowPageTraceBehavior [ RunTime:0.002000s ]
INFO: [ app_end ] --END-- [ RunTime:0.002000s ]

