[ 2018-09-12T22:33:44+08:00 ] ::1 /youxuan/youxuan/index.php/superadmin
INFO: [ app_init ] --START--
INFO: Run Behavior\BuildLiteBehavior [ RunTime:0.000030s ]
INFO: [ app_init ] --END-- [ RunTime:0.001916s ]
INFO: [ app_begin ] --START--
INFO: Run Behavior\ReadHtmlCacheBehavior [ RunTime:0.002100s ]
INFO: [ app_begin ] --END-- [ RunTime:0.002182s ]

[ 2018-09-12T22:33:44+08:00 ] ::1 /youxuan/youxuan/index.php/Superadmin/User/mylogin
INFO: [ app_init ] --START--
INFO: Run Behavior\BuildLiteBehavior [ RunTime:0.000028s ]
INFO: [ app_init ] --END-- [ RunTime:0.000982s ]
INFO: [ app_begin ] --START--
INFO: Run Behavior\ReadHtmlCacheBehavior [ RunTime:0.001261s ]
INFO: [ app_begin ] --END-- [ RunTime:0.001325s ]
INFO: [ view_parse ] --START--
INFO: [ template_filter ] --START--
INFO: Run Behavior\ContentReplaceBehavior [ RunTime:0.000113s ]
INFO: [ template_filter ] --END-- [ RunTime:0.000196s ]
NOTIC: [8] Undefined variable: configs H:\Phpdemo\youxuan\youxuan\Runtime\Cache\Superadmin\0b4efb497eb1785f49697fc93d6a98c7.php 第 69 行.
INFO: Run Behavior\ParseTemplateBehavior [ RunTime:0.043968s ]
INFO: [ view_parse ] --END-- [ RunTime:0.044040s ]
INFO: [ view_filter ] --START--
INFO: Run Behavior\WriteHtmlCacheBehavior [ RunTime:0.006945s ]
INFO: [ view_filter ] --END-- [ RunTime:0.007020s ]
INFO: [ app_end ] --START--
INFO: Run Behavior\ShowPageTraceBehavior [ RunTime:0.001832s ]
INFO: [ app_end ] --END-- [ RunTime:0.001907s ]

[ 2018-09-12T22:33:44+08:00 ] ::1 /youxuan/youxuan/index.php/Superadmin/User/VerifyImg
INFO: [ app_init ] --START--
INFO: Run Behavior\BuildLiteBehavior [ RunTime:0.000033s ]
INFO: [ app_init ] --END-- [ RunTime:0.001111s ]
INFO: [ app_begin ] --START--
INFO: Run Behavior\ReadHtmlCacheBehavior [ RunTime:0.001031s ]
INFO: [ app_begin ] --END-- [ RunTime:0.001097s ]
INFO: [ app_end ] --START--
INFO: Run Behavior\ShowPageTraceBehavior [ RunTime:0.001458s ]
INFO: [ app_end ] --END-- [ RunTime:0.001550s ]

[ 2018-09-12T22:33:57+08:00 ] ::1 /youxuan/youxuan/index.php/Superadmin/User/mylogin
INFO: [ app_init ] --START--
INFO: Run Behavior\BuildLiteBehavior [ RunTime:0.000016s ]
INFO: [ app_init ] --END-- [ RunTime:0.000651s ]
INFO: [ app_begin ] --START--
INFO: Run Behavior\ReadHtmlCacheBehavior [ RunTime:0.000950s ]
INFO: [ app_begin ] --END-- [ RunTime:0.001003s ]
ERR: SQLSTATE[HY000] [1045] Access denied for user 'web'@'localhost' (using password: YES)

[ 2018-09-12T22:34:41+08:00 ] ::1 /youxuan/youxuan/index.php/Superadmin/User/mylogin
INFO: [ app_init ] --START--
INFO: Run Behavior\BuildLiteBehavior [ RunTime:0.000020s ]
INFO: [ app_init ] --END-- [ RunTime:0.000640s ]
INFO: [ app_begin ] --START--
INFO: Run Behavior\ReadHtmlCacheBehavior [ RunTime:0.001213s ]
INFO: [ app_begin ] --END-- [ RunTime:0.001273s ]
INFO: [ view_parse ] --START--
INFO: [ template_filter ] --START--
INFO: Run Behavior\ContentReplaceBehavior [ RunTime:0.000061s ]
INFO: [ template_filter ] --END-- [ RunTime:0.000107s ]
NOTIC: [8] Undefined variable: configs H:\Phpdemo\youxuan\youxuan\Runtime\Cache\Superadmin\0b4efb497eb1785f49697fc93d6a98c7.php 第 69 行.
INFO: Run Behavior\ParseTemplateBehavior [ RunTime:0.008966s ]
INFO: [ view_parse ] --END-- [ RunTime:0.009030s ]
INFO: [ view_filter ] --START--
INFO: Run Behavior\WriteHtmlCacheBehavior [ RunTime:0.000641s ]
INFO: [ view_filter ] --END-- [ RunTime:0.000682s ]
INFO: [ app_end ] --START--
INFO: Run Behavior\ShowPageTraceBehavior [ RunTime:0.000767s ]
INFO: [ app_end ] --END-- [ RunTime:0.000811s ]

[ 2018-09-12T22:34:41+08:00 ] ::1 /youxuan/youxuan/index.php/Superadmin/User/VerifyImg
INFO: [ app_init ] --START--
INFO: Run Behavior\BuildLiteBehavior [ RunTime:0.000018s ]
INFO: [ app_init ] --END-- [ RunTime:0.000475s ]
INFO: [ app_begin ] --START--
INFO: Run Behavior\ReadHtmlCacheBehavior [ RunTime:0.000761s ]
INFO: [ app_begin ] --END-- [ RunTime:0.000810s ]
INFO: [ app_end ] --START--
INFO: Run Behavior\ShowPageTraceBehavior [ RunTime:0.001566s ]
INFO: [ app_end ] --END-- [ RunTime:0.001678s ]

[ 2018-09-12T22:34:50+08:00 ] ::1 /youxuan/youxuan/index.php/Superadmin/User/VerifyImg/0.3994909853124289
INFO: [ app_init ] --START--
INFO: Run Behavior\BuildLiteBehavior [ RunTime:0.000022s ]
INFO: [ app_init ] --END-- [ RunTime:0.000694s ]
INFO: [ app_begin ] --START--
INFO: Run Behavior\ReadHtmlCacheBehavior [ RunTime:0.001165s ]
INFO: [ app_begin ] --END-- [ RunTime:0.001238s ]
INFO: [ app_end ] --START--
INFO: Run Behavior\ShowPageTraceBehavior [ RunTime:0.001089s ]
INFO: [ app_end ] --END-- [ RunTime:0.001144s ]

[ 2018-09-12T22:34:55+08:00 ] ::1 /youxuan/youxuan/index.php/Superadmin/User/mylogin
INFO: [ app_init ] --START--
INFO: Run Behavior\BuildLiteBehavior [ RunTime:0.000017s ]
INFO: [ app_init ] --END-- [ RunTime:0.000824s ]
INFO: [ app_begin ] --START--
INFO: Run Behavior\ReadHtmlCacheBehavior [ RunTime:0.001021s ]
INFO: [ app_begin ] --END-- [ RunTime:0.001086s ]
SQL: SHOW COLUMNS FROM `yx_admin` [ RunTime:0.0505s ]
SQL: SELECT * FROM `yx_admin` WHERE ( name='admin' ) LIMIT 1   [ RunTime:0.0008s ]

[ 2018-09-12T22:34:56+08:00 ] ::1 /youxuan/youxuan/index.php/Superadmin/Index/Index.html
INFO: [ app_init ] --START--
INFO: Run Behavior\BuildLiteBehavior [ RunTime:0.000021s ]
INFO: [ app_init ] --END-- [ RunTime:0.000829s ]
INFO: [ app_begin ] --START--
INFO: Run Behavior\ReadHtmlCacheBehavior [ RunTime:0.001264s ]
INFO: [ app_begin ] --END-- [ RunTime:0.001342s ]
SQL: SHOW COLUMNS FROM `yx_configinfo` [ RunTime:0.0509s ]
SQL: SELECT * FROM `yx_configinfo`  [ RunTime:0.0006s ]
INFO: [ view_parse ] --START--
INFO: [ template_filter ] --START--
INFO: Run Behavior\ContentReplaceBehavior [ RunTime:0.000145s ]
INFO: [ template_filter ] --END-- [ RunTime:0.000217s ]
NOTIC: [8] Undefined variable: sid H:\Phpdemo\youxuan\youxuan\Runtime\Cache\Superadmin\22f494702353d652398a2135b2ce0081.php 第 119 行.
NOTIC: [8] Undefined variable: sid H:\Phpdemo\youxuan\youxuan\Runtime\Cache\Superadmin\22f494702353d652398a2135b2ce0081.php 第 127 行.
INFO: Run Behavior\ParseTemplateBehavior [ RunTime:0.046386s ]
INFO: [ view_parse ] --END-- [ RunTime:0.046464s ]
INFO: [ view_filter ] --START--
INFO: Run Behavior\WriteHtmlCacheBehavior [ RunTime:0.000882s ]
INFO: [ view_filter ] --END-- [ RunTime:0.000939s ]
INFO: [ app_end ] --START--
INFO: Run Behavior\ShowPageTraceBehavior [ RunTime:0.001357s ]
INFO: [ app_end ] --END-- [ RunTime:0.001427s ]

[ 2018-09-12T22:34:57+08:00 ] ::1 /youxuan/youxuan/index.php/Superadmin/Configinfo/configinfo
INFO: [ app_init ] --START--
INFO: Run Behavior\BuildLiteBehavior [ RunTime:0.000023s ]
INFO: [ app_init ] --END-- [ RunTime:0.000766s ]
INFO: [ app_begin ] --START--
INFO: Run Behavior\ReadHtmlCacheBehavior [ RunTime:0.001062s ]
INFO: [ app_begin ] --END-- [ RunTime:0.001129s ]
SQL: SHOW COLUMNS FROM `yx_configinfo` [ RunTime:0.0657s ]
SQL: SELECT * FROM `yx_configinfo` WHERE ( sid=0 )  [ RunTime:0.0021s ]
INFO: [ view_parse ] --START--
INFO: [ template_filter ] --START--
INFO: Run Behavior\ContentReplaceBehavior [ RunTime:0.000195s ]
INFO: [ template_filter ] --END-- [ RunTime:0.000324s ]
NOTIC: [8] Undefined variable: title H:\Phpdemo\youxuan\youxuan\Runtime\Cache\Superadmin\d0f9942aeeff806955897fdffc676067.php 第 17 行.
NOTIC: [8] Undefined index: title H:\Phpdemo\youxuan\youxuan\Runtime\Cache\Superadmin\d0f9942aeeff806955897fdffc676067.php 第 57 行.
INFO: Run Behavior\ParseTemplateBehavior [ RunTime:0.044668s ]
INFO: [ view_parse ] --END-- [ RunTime:0.044914s ]
INFO: [ view_filter ] --START--
INFO: Run Behavior\WriteHtmlCacheBehavior [ RunTime:0.002219s ]
INFO: [ view_filter ] --END-- [ RunTime:0.002353s ]
INFO: [ app_end ] --START--
INFO: Run Behavior\ShowPageTraceBehavior [ RunTime:0.002422s ]
INFO: [ app_end ] --END-- [ RunTime:0.002533s ]

[ 2018-09-12T22:35:00+08:00 ] ::1 /youxuan/youxuan/index.php/Superadmin/Addgoods/addgoods
INFO: [ app_init ] --START--
INFO: Run Behavior\BuildLiteBehavior [ RunTime:0.000015s ]
INFO: [ app_init ] --END-- [ RunTime:0.000636s ]
INFO: [ app_begin ] --START--
INFO: Run Behavior\ReadHtmlCacheBehavior [ RunTime:0.000955s ]
INFO: [ app_begin ] --END-- [ RunTime:0.001004s ]

[ 2018-09-12T22:38:39+08:00 ] ::1 /youxuan/youxuan/index.php/Superadmin/Index/Index.html
INFO: [ app_init ] --START--
INFO: Run Behavior\BuildLiteBehavior [ RunTime:0.000015s ]
INFO: [ app_init ] --END-- [ RunTime:0.000610s ]
INFO: [ app_begin ] --START--
INFO: Run Behavior\ReadHtmlCacheBehavior [ RunTime:0.001101s ]
INFO: [ app_begin ] --END-- [ RunTime:0.001161s ]
SQL: SHOW COLUMNS FROM `yx_configinfo` [ RunTime:0.0327s ]
SQL: SELECT * FROM `yx_configinfo`  [ RunTime:0.0006s ]
INFO: [ view_parse ] --START--
INFO: [ template_filter ] --START--
INFO: Run Behavior\ContentReplaceBehavior [ RunTime:0.000164s ]
INFO: [ template_filter ] --END-- [ RunTime:0.000309s ]
NOTIC: [8] Undefined variable: sid H:\Phpdemo\youxuan\youxuan\Runtime\Cache\Superadmin\22f494702353d652398a2135b2ce0081.php 第 91 行.
NOTIC: [8] Undefined variable: sid H:\Phpdemo\youxuan\youxuan\Runtime\Cache\Superadmin\22f494702353d652398a2135b2ce0081.php 第 99 行.
INFO: Run Behavior\ParseTemplateBehavior [ RunTime:0.014791s ]
INFO: [ view_parse ] --END-- [ RunTime:0.014855s ]
INFO: [ view_filter ] --START--
INFO: Run Behavior\WriteHtmlCacheBehavior [ RunTime:0.000768s ]
INFO: [ view_filter ] --END-- [ RunTime:0.000811s ]
INFO: [ app_end ] --START--
INFO: Run Behavior\ShowPageTraceBehavior [ RunTime:0.001055s ]
INFO: [ app_end ] --END-- [ RunTime:0.001109s ]

[ 2018-09-12T22:38:40+08:00 ] ::1 /youxuan/youxuan/index.php/Superadmin/Configinfo/configinfo
INFO: [ app_init ] --START--
INFO: Run Behavior\BuildLiteBehavior [ RunTime:0.000014s ]
INFO: [ app_init ] --END-- [ RunTime:0.000461s ]
INFO: [ app_begin ] --START--
INFO: Run Behavior\ReadHtmlCacheBehavior [ RunTime:0.000839s ]
INFO: [ app_begin ] --END-- [ RunTime:0.000890s ]
SQL: SHOW COLUMNS FROM `yx_configinfo` [ RunTime:0.0663s ]
SQL: SELECT * FROM `yx_configinfo` WHERE ( sid=0 )  [ RunTime:0.0019s ]
INFO: [ view_parse ] --START--
INFO: [ template_filter ] --START--
INFO: Run Behavior\ContentReplaceBehavior [ RunTime:0.000362s ]
INFO: [ template_filter ] --END-- [ RunTime:0.000591s ]
NOTIC: [8] Undefined variable: title H:\Phpdemo\youxuan\youxuan\Runtime\Cache\Superadmin\d0f9942aeeff806955897fdffc676067.php 第 9 行.
NOTIC: [8] Undefined index: title H:\Phpdemo\youxuan\youxuan\Runtime\Cache\Superadmin\d0f9942aeeff806955897fdffc676067.php 第 29 行.
INFO: Run Behavior\ParseTemplateBehavior [ RunTime:0.056948s ]
INFO: [ view_parse ] --END-- [ RunTime:0.057247s ]
INFO: [ view_filter ] --START--
INFO: Run Behavior\WriteHtmlCacheBehavior [ RunTime:0.003471s ]
INFO: [ view_filter ] --END-- [ RunTime:0.003761s ]
INFO: [ app_end ] --START--
INFO: Run Behavior\ShowPageTraceBehavior [ RunTime:0.006123s ]
INFO: [ app_end ] --END-- [ RunTime:0.006337s ]

[ 2018-09-12T22:38:47+08:00 ] ::1 /youxuan/youxuan/index.php/Superadmin/Addgoods/addgoods
INFO: [ app_init ] --START--
INFO: Run Behavior\BuildLiteBehavior [ RunTime:0.000023s ]
INFO: [ app_init ] --END-- [ RunTime:0.000637s ]
INFO: [ app_begin ] --START--
INFO: Run Behavior\ReadHtmlCacheBehavior [ RunTime:0.000947s ]
INFO: [ app_begin ] --END-- [ RunTime:0.001001s ]

[ 2018-09-12T22:39:48+08:00 ] ::1 /youxuan/youxuan/index.php/Superadmin/Addgoods/addgoods
INFO: [ app_init ] --START--
INFO: Run Behavior\BuildLiteBehavior [ RunTime:0.000015s ]
INFO: [ app_init ] --END-- [ RunTime:0.000665s ]
INFO: [ app_begin ] --START--
INFO: Run Behavior\ReadHtmlCacheBehavior [ RunTime:0.000918s ]
INFO: [ app_begin ] --END-- [ RunTime:0.000968s ]

[ 2018-09-12T22:39:51+08:00 ] ::1 /youxuan/youxuan/index.php/Superadmin/Index/Index.html
INFO: [ app_init ] --START--
INFO: Run Behavior\BuildLiteBehavior [ RunTime:0.000022s ]
INFO: [ app_init ] --END-- [ RunTime:0.000772s ]
INFO: [ app_begin ] --START--
INFO: Run Behavior\ReadHtmlCacheBehavior [ RunTime:0.001039s ]
INFO: [ app_begin ] --END-- [ RunTime:0.001105s ]
SQL: SHOW COLUMNS FROM `yx_configinfo` [ RunTime:0.0607s ]
SQL: SELECT * FROM `yx_configinfo`  [ RunTime:0.0016s ]
INFO: [ view_parse ] --START--
INFO: [ template_filter ] --START--
INFO: Run Behavior\ContentReplaceBehavior [ RunTime:0.000263s ]
INFO: [ template_filter ] --END-- [ RunTime:0.000391s ]
NOTIC: [8] Undefined variable: sid H:\Phpdemo\youxuan\youxuan\Runtime\Cache\Superadmin\22f494702353d652398a2135b2ce0081.php 第 91 行.
NOTIC: [8] Undefined variable: sid H:\Phpdemo\youxuan\youxuan\Runtime\Cache\Superadmin\22f494702353d652398a2135b2ce0081.php 第 99 行.
INFO: Run Behavior\ParseTemplateBehavior [ RunTime:0.038502s ]
INFO: [ view_parse ] --END-- [ RunTime:0.038677s ]
INFO: [ view_filter ] --START--
INFO: Run Behavior\WriteHtmlCacheBehavior [ RunTime:0.001781s ]
INFO: [ view_filter ] --END-- [ RunTime:0.001905s ]
INFO: [ app_end ] --START--
INFO: Run Behavior\ShowPageTraceBehavior [ RunTime:0.002779s ]
INFO: [ app_end ] --END-- [ RunTime:0.002928s ]

[ 2018-09-12T22:39:52+08:00 ] ::1 /youxuan/youxuan/index.php/Superadmin/Configinfo/configinfo
INFO: [ app_init ] --START--
INFO: Run Behavior\BuildLiteBehavior [ RunTime:0.000014s ]
INFO: [ app_init ] --END-- [ RunTime:0.000487s ]
INFO: [ app_begin ] --START--
INFO: Run Behavior\ReadHtmlCacheBehavior [ RunTime:0.001101s ]
INFO: [ app_begin ] --END-- [ RunTime:0.001178s ]
SQL: SHOW COLUMNS FROM `yx_configinfo` [ RunTime:0.0132s ]
SQL: SELECT * FROM `yx_configinfo` WHERE ( sid=0 )  [ RunTime:0.0005s ]
INFO: [ view_parse ] --START--
INFO: [ template_filter ] --START--
INFO: Run Behavior\ContentReplaceBehavior [ RunTime:0.000071s ]
INFO: [ template_filter ] --END-- [ RunTime:0.000119s ]
NOTIC: [8] Undefined variable: title H:\Phpdemo\youxuan\youxuan\Runtime\Cache\Superadmin\d0f9942aeeff806955897fdffc676067.php 第 9 行.
NOTIC: [8] Undefined index: title H:\Phpdemo\youxuan\youxuan\Runtime\Cache\Superadmin\d0f9942aeeff806955897fdffc676067.php 第 29 行.
INFO: Run Behavior\ParseTemplateBehavior [ RunTime:0.011257s ]
INFO: [ view_parse ] --END-- [ RunTime:0.011302s ]
INFO: [ view_filter ] --START--
INFO: Run Behavior\WriteHtmlCacheBehavior [ RunTime:0.000700s ]
INFO: [ view_filter ] --END-- [ RunTime:0.000741s ]
INFO: [ app_end ] --START--
INFO: Run Behavior\ShowPageTraceBehavior [ RunTime:0.000988s ]
INFO: [ app_end ] --END-- [ RunTime:0.001027s ]

[ 2018-09-12T22:39:53+08:00 ] ::1 /youxuan/youxuan/index.php/Superadmin/Addgoods/addgoods
INFO: [ app_init ] --START--
INFO: Run Behavior\BuildLiteBehavior [ RunTime:0.000025s ]
INFO: [ app_init ] --END-- [ RunTime:0.001339s ]
INFO: [ app_begin ] --START--
INFO: Run Behavior\ReadHtmlCacheBehavior [ RunTime:0.000975s ]
INFO: [ app_begin ] --END-- [ RunTime:0.001030s ]

[ 2018-09-12T22:46:30+08:00 ] ::1 /youxuan/youxuan/index.php/Superadmin/Index/Index.html
INFO: [ app_init ] --START--
INFO: Run Behavior\BuildLiteBehavior [ RunTime:0.000016s ]
INFO: [ app_init ] --END-- [ RunTime:0.000678s ]
INFO: [ app_begin ] --START--
INFO: Run Behavior\ReadHtmlCacheBehavior [ RunTime:0.001008s ]
INFO: [ app_begin ] --END-- [ RunTime:0.001056s ]
SQL: SHOW COLUMNS FROM `yx_configinfo` [ RunTime:0.0521s ]
SQL: SELECT * FROM `yx_configinfo`  [ RunTime:0.0018s ]
INFO: [ view_parse ] --START--
INFO: [ template_filter ] --START--
INFO: Run Behavior\ContentReplaceBehavior [ RunTime:0.000266s ]
INFO: [ template_filter ] --END-- [ RunTime:0.000407s ]
NOTIC: [8] Undefined variable: sid H:\Phpdemo\youxuan\youxuan\Runtime\Cache\Superadmin\22f494702353d652398a2135b2ce0081.php 第 91 行.
NOTIC: [8] Undefined variable: sid H:\Phpdemo\youxuan\youxuan\Runtime\Cache\Superadmin\22f494702353d652398a2135b2ce0081.php 第 99 行.
INFO: Run Behavior\ParseTemplateBehavior [ RunTime:0.051306s ]
INFO: [ view_parse ] --END-- [ RunTime:0.051628s ]
INFO: [ view_filter ] --START--
INFO: Run Behavior\WriteHtmlCacheBehavior [ RunTime:0.002004s ]
INFO: [ view_filter ] --END-- [ RunTime:0.002152s ]
INFO: [ app_end ] --START--
INFO: Run Behavior\ShowPageTraceBehavior [ RunTime:0.003348s ]
INFO: [ app_end ] --END-- [ RunTime:0.003532s ]

[ 2018-09-12T22:46:32+08:00 ] ::1 /youxuan/youxuan/index.php/Superadmin/Configinfo/configinfo
INFO: [ app_init ] --START--
INFO: Run Behavior\BuildLiteBehavior [ RunTime:0.000014s ]
INFO: [ app_init ] --END-- [ RunTime:0.000453s ]
INFO: [ app_begin ] --START--
INFO: Run Behavior\ReadHtmlCacheBehavior [ RunTime:0.000759s ]
INFO: [ app_begin ] --END-- [ RunTime:0.000808s ]
SQL: SHOW COLUMNS FROM `yx_configinfo` [ RunTime:0.0607s ]
SQL: SELECT * FROM `yx_configinfo` WHERE ( sid=0 )  [ RunTime:0.0017s ]
INFO: [ view_parse ] --START--
INFO: [ template_filter ] --START--
INFO: Run Behavior\ContentReplaceBehavior [ RunTime:0.001681s ]
INFO: [ template_filter ] --END-- [ RunTime:0.003588s ]
NOTIC: [8] Undefined variable: title H:\Phpdemo\youxuan\youxuan\Runtime\Cache\Superadmin\d0f9942aeeff806955897fdffc676067.php 第 9 行.
NOTIC: [8] Undefined index: title H:\Phpdemo\youxuan\youxuan\Runtime\Cache\Superadmin\d0f9942aeeff806955897fdffc676067.php 第 29 行.
INFO: Run Behavior\ParseTemplateBehavior [ RunTime:0.065439s ]
INFO: [ view_parse ] --END-- [ RunTime:0.065706s ]
INFO: [ view_filter ] --START--
INFO: Run Behavior\WriteHtmlCacheBehavior [ RunTime:0.001707s ]
INFO: [ view_filter ] --END-- [ RunTime:0.001816s ]
INFO: [ app_end ] --START--
INFO: Run Behavior\ShowPageTraceBehavior [ RunTime:0.002670s ]
INFO: [ app_end ] --END-- [ RunTime:0.002821s ]

[ 2018-09-12T22:46:38+08:00 ] ::1 /youxuan/youxuan/index.php/Superadmin/Addgoods/addgoods
INFO: [ app_init ] --START--
INFO: Run Behavior\BuildLiteBehavior [ RunTime:0.000016s ]
INFO: [ app_init ] --END-- [ RunTime:0.000663s ]
INFO: [ app_begin ] --START--
INFO: Run Behavior\ReadHtmlCacheBehavior [ RunTime:0.001026s ]
INFO: [ app_begin ] --END-- [ RunTime:0.001085s ]
INFO: [ view_parse ] --START--
INFO: [ template_filter ] --START--
INFO: Run Behavior\ContentReplaceBehavior [ RunTime:0.000130s ]
INFO: [ template_filter ] --END-- [ RunTime:0.000183s ]
NOTIC: [8] Undefined variable: title H:\Phpdemo\youxuan\youxuan\Runtime\Cache\Superadmin\7c7347c8532800195c61908063cd68ca.php 第 10 行.
INFO: Run Behavior\ParseTemplateBehavior [ RunTime:0.013635s ]
INFO: [ view_parse ] --END-- [ RunTime:0.013685s ]
INFO: [ view_filter ] --START--
INFO: Run Behavior\WriteHtmlCacheBehavior [ RunTime:0.000734s ]
INFO: [ view_filter ] --END-- [ RunTime:0.000774s ]
INFO: [ app_end ] --START--
INFO: Run Behavior\ShowPageTraceBehavior [ RunTime:0.001416s ]
INFO: [ app_end ] --END-- [ RunTime:0.001483s ]

[ 2018-09-12T23:55:34+08:00 ] ::1 /youxuan/youxuan/index.php/Superadmin/Index/Index.html
INFO: [ app_init ] --START--
INFO: Run Behavior\BuildLiteBehavior [ RunTime:0.000021s ]
INFO: [ app_init ] --END-- [ RunTime:0.000906s ]
INFO: [ app_begin ] --START--
INFO: Run Behavior\ReadHtmlCacheBehavior [ RunTime:0.000990s ]
INFO: [ app_begin ] --END-- [ RunTime:0.001045s ]
SQL: SHOW COLUMNS FROM `yx_configinfo` [ RunTime:0.0663s ]
SQL: SELECT * FROM `yx_configinfo`  [ RunTime:0.0025s ]
INFO: [ view_parse ] --START--
INFO: [ template_filter ] --START--
INFO: Run Behavior\ContentReplaceBehavior [ RunTime:0.000638s ]
INFO: [ template_filter ] --END-- [ RunTime:0.000870s ]
NOTIC: [8] Undefined variable: sid H:\Phpdemo\youxuan\youxuan\Runtime\Cache\Superadmin\22f494702353d652398a2135b2ce0081.php 第 94 行.
NOTIC: [8] Undefined variable: sid H:\Phpdemo\youxuan\youxuan\Runtime\Cache\Superadmin\22f494702353d652398a2135b2ce0081.php 第 102 行.
INFO: Run Behavior\ParseTemplateBehavior [ RunTime:0.059039s ]
INFO: [ view_parse ] --END-- [ RunTime:0.059272s ]
INFO: [ view_filter ] --START--
INFO: Run Behavior\WriteHtmlCacheBehavior [ RunTime:0.003281s ]
INFO: [ view_filter ] --END-- [ RunTime:0.003501s ]
INFO: [ app_end ] --START--
INFO: Run Behavior\ShowPageTraceBehavior [ RunTime:0.007095s ]
INFO: [ app_end ] --END-- [ RunTime:0.007391s ]

[ 2018-09-12T23:55:36+08:00 ] ::1 /youxuan/youxuan/index.php/Superadmin/Configinfo/configinfo
INFO: [ app_init ] --START--
INFO: Run Behavior\BuildLiteBehavior [ RunTime:0.000023s ]
INFO: [ app_init ] --END-- [ RunTime:0.000734s ]
INFO: [ app_begin ] --START--
INFO: Run Behavior\ReadHtmlCacheBehavior [ RunTime:0.001376s ]
INFO: [ app_begin ] --END-- [ RunTime:0.001461s ]
SQL: SHOW COLUMNS FROM `yx_configinfo` [ RunTime:0.0535s ]
SQL: SELECT * FROM `yx_configinfo` WHERE ( sid=0 )  [ RunTime:0.0015s ]
INFO: [ view_parse ] --START--
INFO: [ template_filter ] --START--
INFO: Run Behavior\ContentReplaceBehavior [ RunTime:0.000312s ]
INFO: [ template_filter ] --END-- [ RunTime:0.000511s ]
NOTIC: [8] Undefined variable: title H:\Phpdemo\youxuan\youxuan\Runtime\Cache\Superadmin\d0f9942aeeff806955897fdffc676067.php 第 9 行.
NOTIC: [8] Undefined index: title H:\Phpdemo\youxuan\youxuan\Runtime\Cache\Superadmin\d0f9942aeeff806955897fdffc676067.php 第 32 行.
INFO: Run Behavior\ParseTemplateBehavior [ RunTime:0.047828s ]
INFO: [ view_parse ] --END-- [ RunTime:0.048022s ]
INFO: [ view_filter ] --START--
INFO: Run Behavior\WriteHtmlCacheBehavior [ RunTime:0.002452s ]
INFO: [ view_filter ] --END-- [ RunTime:0.002616s ]
INFO: [ app_end ] --START--
INFO: Run Behavior\ShowPageTraceBehavior [ RunTime:0.005566s ]
INFO: [ app_end ] --END-- [ RunTime:0.006301s ]

[ 2018-09-12T23:55:38+08:00 ] ::1 /youxuan/youxuan/index.php/Superadmin/Addgoods/addgoods
INFO: [ app_init ] --START--
INFO: Run Behavior\BuildLiteBehavior [ RunTime:0.000015s ]
INFO: [ app_init ] --END-- [ RunTime:0.000584s ]
INFO: [ app_begin ] --START--
INFO: Run Behavior\ReadHtmlCacheBehavior [ RunTime:0.000983s ]
INFO: [ app_begin ] --END-- [ RunTime:0.001033s ]
INFO: [ view_parse ] --START--
INFO: [ template_filter ] --START--
INFO: Run Behavior\ContentReplaceBehavior [ RunTime:0.000139s ]
INFO: [ template_filter ] --END-- [ RunTime:0.000193s ]
NOTIC: [8] Undefined variable: title H:\Phpdemo\youxuan\youxuan\Runtime\Cache\Superadmin\7c7347c8532800195c61908063cd68ca.php 第 10 行.
INFO: Run Behavior\ParseTemplateBehavior [ RunTime:0.012251s ]
INFO: [ view_parse ] --END-- [ RunTime:0.012309s ]
INFO: [ view_filter ] --START--
INFO: Run Behavior\WriteHtmlCacheBehavior [ RunTime:0.000726s ]
INFO: [ view_filter ] --END-- [ RunTime:0.000766s ]
INFO: [ app_end ] --START--
INFO: Run Behavior\ShowPageTraceBehavior [ RunTime:0.001186s ]
INFO: [ app_end ] --END-- [ RunTime:0.001253s ]

[ 2018-09-12T23:55:55+08:00 ] ::1 /youxuan/youxuan/index.php/Superadmin/Index/Index.html
INFO: [ app_init ] --START--
INFO: Run Behavior\BuildLiteBehavior [ RunTime:0.000021s ]
INFO: [ app_init ] --END-- [ RunTime:0.000668s ]
INFO: [ app_begin ] --START--
INFO: Run Behavior\ReadHtmlCacheBehavior [ RunTime:0.001067s ]
INFO: [ app_begin ] --END-- [ RunTime:0.001135s ]
SQL: SHOW COLUMNS FROM `yx_configinfo` [ RunTime:0.0668s ]
SQL: SELECT * FROM `yx_configinfo`  [ RunTime:0.0017s ]
INFO: [ view_parse ] --START--
INFO: [ template_filter ] --START--
INFO: Run Behavior\ContentReplaceBehavior [ RunTime:0.000371s ]
INFO: [ template_filter ] --END-- [ RunTime:0.000543s ]
NOTIC: [8] Undefined variable: sid H:\Phpdemo\youxuan\youxuan\Runtime\Cache\Superadmin\22f494702353d652398a2135b2ce0081.php 第 94 行.
NOTIC: [8] Undefined variable: sid H:\Phpdemo\youxuan\youxuan\Runtime\Cache\Superadmin\22f494702353d652398a2135b2ce0081.php 第 102 行.
INFO: Run Behavior\ParseTemplateBehavior [ RunTime:0.058736s ]
INFO: [ view_parse ] --END-- [ RunTime:0.059001s ]
INFO: [ view_filter ] --START--
INFO: Run Behavior\WriteHtmlCacheBehavior [ RunTime:0.001381s ]
INFO: [ view_filter ] --END-- [ RunTime:0.001457s ]
INFO: [ app_end ] --START--
INFO: Run Behavior\ShowPageTraceBehavior [ RunTime:0.002241s ]
INFO: [ app_end ] --END-- [ RunTime:0.002369s ]

[ 2018-09-12T23:55:57+08:00 ] ::1 /youxuan/youxuan/index.php/Superadmin/Configinfo/configinfo
INFO: [ app_init ] --START--
INFO: Run Behavior\BuildLiteBehavior [ RunTime:0.000022s ]
INFO: [ app_init ] --END-- [ RunTime:0.000709s ]
INFO: [ app_begin ] --START--
INFO: Run Behavior\ReadHtmlCacheBehavior [ RunTime:0.001122s ]
INFO: [ app_begin ] --END-- [ RunTime:0.001197s ]
SQL: SHOW COLUMNS FROM `yx_configinfo` [ RunTime:0.0636s ]
SQL: SELECT * FROM `yx_configinfo` WHERE ( sid=0 )  [ RunTime:0.0006s ]
INFO: [ view_parse ] --START--
INFO: [ template_filter ] --START--
INFO: Run Behavior\ContentReplaceBehavior [ RunTime:0.000114s ]
INFO: [ template_filter ] --END-- [ RunTime:0.000189s ]
NOTIC: [8] Undefined variable: title H:\Phpdemo\youxuan\youxuan\Runtime\Cache\Superadmin\d0f9942aeeff806955897fdffc676067.php 第 9 行.
NOTIC: [8] Undefined index: title H:\Phpdemo\youxuan\youxuan\Runtime\Cache\Superadmin\d0f9942aeeff806955897fdffc676067.php 第 32 行.
INFO: Run Behavior\ParseTemplateBehavior [ RunTime:0.011787s ]
INFO: [ view_parse ] --END-- [ RunTime:0.011838s ]
INFO: [ view_filter ] --START--
INFO: Run Behavior\WriteHtmlCacheBehavior [ RunTime:0.000707s ]
INFO: [ view_filter ] --END-- [ RunTime:0.000748s ]
INFO: [ app_end ] --START--
INFO: Run Behavior\ShowPageTraceBehavior [ RunTime:0.001074s ]
INFO: [ app_end ] --END-- [ RunTime:0.001130s ]

[ 2018-09-12T23:55:57+08:00 ] ::1 /youxuan/youxuan/index.php/Superadmin/Goodslist/goodslist
INFO: [ app_init ] --START--
INFO: Run Behavior\BuildLiteBehavior [ RunTime:0.000015s ]
INFO: [ app_init ] --END-- [ RunTime:0.000635s ]
INFO: [ app_begin ] --START--
INFO: Run Behavior\ReadHtmlCacheBehavior [ RunTime:0.000969s ]
INFO: [ app_begin ] --END-- [ RunTime:0.001019s ]

[ 2018-09-12T23:55:59+08:00 ] ::1 /youxuan/youxuan/index.php/Superadmin/Addgoods/addgoods
INFO: [ app_init ] --START--
INFO: Run Behavior\BuildLiteBehavior [ RunTime:0.000053s ]
INFO: [ app_init ] --END-- [ RunTime:0.000763s ]
INFO: [ app_begin ] --START--
INFO: Run Behavior\ReadHtmlCacheBehavior [ RunTime:0.000966s ]
INFO: [ app_begin ] --END-- [ RunTime:0.001018s ]
INFO: [ view_parse ] --START--
INFO: [ template_filter ] --START--
INFO: Run Behavior\ContentReplaceBehavior [ RunTime:0.000139s ]
INFO: [ template_filter ] --END-- [ RunTime:0.000194s ]
NOTIC: [8] Undefined variable: title H:\Phpdemo\youxuan\youxuan\Runtime\Cache\Superadmin\7c7347c8532800195c61908063cd68ca.php 第 10 行.
INFO: Run Behavior\ParseTemplateBehavior [ RunTime:0.011836s ]
INFO: [ view_parse ] --END-- [ RunTime:0.011888s ]
INFO: [ view_filter ] --START--
INFO: Run Behavior\WriteHtmlCacheBehavior [ RunTime:0.000819s ]
INFO: [ view_filter ] --END-- [ RunTime:0.000863s ]
INFO: [ app_end ] --START--
INFO: Run Behavior\ShowPageTraceBehavior [ RunTime:0.001328s ]
INFO: [ app_end ] --END-- [ RunTime:0.001399s ]

[ 2018-09-12T23:56:50+08:00 ] ::1 /youxuan/youxuan/index.php/Superadmin/Addgoods/addgoods
INFO: [ app_init ] --START--
INFO: Run Behavior\BuildLiteBehavior [ RunTime:0.000016s ]
INFO: [ app_init ] --END-- [ RunTime:0.000643s ]
INFO: [ app_begin ] --START--
INFO: Run Behavior\ReadHtmlCacheBehavior [ RunTime:0.000921s ]
INFO: [ app_begin ] --END-- [ RunTime:0.000970s ]
INFO: [ view_parse ] --START--
INFO: [ template_filter ] --START--
INFO: Run Behavior\ContentReplaceBehavior [ RunTime:0.000195s ]
INFO: [ template_filter ] --END-- [ RunTime:0.000274s ]
NOTIC: [8] Undefined variable: title H:\Phpdemo\youxuan\youxuan\Runtime\Cache\Superadmin\7c7347c8532800195c61908063cd68ca.php 第 10 行.
INFO: Run Behavior\ParseTemplateBehavior [ RunTime:0.012128s ]
INFO: [ view_parse ] --END-- [ RunTime:0.012178s ]
INFO: [ view_filter ] --START--
INFO: Run Behavior\WriteHtmlCacheBehavior [ RunTime:0.000707s ]
INFO: [ view_filter ] --END-- [ RunTime:0.000750s ]
INFO: [ app_end ] --START--
INFO: Run Behavior\ShowPageTraceBehavior [ RunTime:0.000904s ]
INFO: [ app_end ] --END-- [ RunTime:0.000957s ]

[ 2018-09-12T23:56:51+08:00 ] ::1 /youxuan/youxuan/index.php/Superadmin/Addgoods/addgoods
INFO: [ app_init ] --START--
INFO: Run Behavior\BuildLiteBehavior [ RunTime:0.000016s ]
INFO: [ app_init ] --END-- [ RunTime:0.000573s ]
INFO: [ app_begin ] --START--
INFO: Run Behavior\ReadHtmlCacheBehavior [ RunTime:0.001076s ]
INFO: [ app_begin ] --END-- [ RunTime:0.001136s ]
INFO: [ view_parse ] --START--
INFO: [ template_filter ] --START--
INFO: Run Behavior\ContentReplaceBehavior [ RunTime:0.000156s ]
INFO: [ template_filter ] --END-- [ RunTime:0.000216s ]
NOTIC: [8] Undefined variable: title H:\Phpdemo\youxuan\youxuan\Runtime\Cache\Superadmin\7c7347c8532800195c61908063cd68ca.php 第 10 行.
INFO: Run Behavior\ParseTemplateBehavior [ RunTime:0.012132s ]
INFO: [ view_parse ] --END-- [ RunTime:0.012186s ]
INFO: [ view_filter ] --START--
INFO: Run Behavior\WriteHtmlCacheBehavior [ RunTime:0.000767s ]
INFO: [ view_filter ] --END-- [ RunTime:0.000807s ]
INFO: [ app_end ] --START--
INFO: Run Behavior\ShowPageTraceBehavior [ RunTime:0.001306s ]
INFO: [ app_end ] --END-- [ RunTime:0.001377s ]

[ 2018-09-12T23:56:52+08:00 ] ::1 /youxuan/youxuan/index.php/Superadmin/Addgoods/addgoods
INFO: [ app_init ] --START--
INFO: Run Behavior\BuildLiteBehavior [ RunTime:0.000017s ]
INFO: [ app_init ] --END-- [ RunTime:0.000758s ]
INFO: [ app_begin ] --START--
INFO: Run Behavior\ReadHtmlCacheBehavior [ RunTime:0.000959s ]
INFO: [ app_begin ] --END-- [ RunTime:0.001009s ]
INFO: [ view_parse ] --START--
INFO: [ template_filter ] --START--
INFO: Run Behavior\ContentReplaceBehavior [ RunTime:0.000138s ]
INFO: [ template_filter ] --END-- [ RunTime:0.000191s ]
NOTIC: [8] Undefined variable: title H:\Phpdemo\youxuan\youxuan\Runtime\Cache\Superadmin\7c7347c8532800195c61908063cd68ca.php 第 10 行.
INFO: Run Behavior\ParseTemplateBehavior [ RunTime:0.012829s ]
INFO: [ view_parse ] --END-- [ RunTime:0.012878s ]
INFO: [ view_filter ] --START--
INFO: Run Behavior\WriteHtmlCacheBehavior [ RunTime:0.000708s ]
INFO: [ view_filter ] --END-- [ RunTime:0.000747s ]
INFO: [ app_end ] --START--
INFO: Run Behavior\ShowPageTraceBehavior [ RunTime:0.000895s ]
INFO: [ app_end ] --END-- [ RunTime:0.000950s ]

[ 2018-09-12T23:56:55+08:00 ] ::1 /youxuan/youxuan/index.php/Superadmin/Index/Index.html
INFO: [ app_init ] --START--
INFO: Run Behavior\BuildLiteBehavior [ RunTime:0.000036s ]
INFO: [ app_init ] --END-- [ RunTime:0.000940s ]
INFO: [ app_begin ] --START--
INFO: Run Behavior\ReadHtmlCacheBehavior [ RunTime:0.000999s ]
INFO: [ app_begin ] --END-- [ RunTime:0.001055s ]
SQL: SHOW COLUMNS FROM `yx_configinfo` [ RunTime:0.0655s ]
SQL: SELECT * FROM `yx_configinfo`  [ RunTime:0.0018s ]
INFO: [ view_parse ] --START--
INFO: [ template_filter ] --START--
INFO: Run Behavior\ContentReplaceBehavior [ RunTime:0.001432s ]
INFO: [ template_filter ] --END-- [ RunTime:0.001651s ]
NOTIC: [8] Undefined variable: sid H:\Phpdemo\youxuan\youxuan\Runtime\Cache\Superadmin\22f494702353d652398a2135b2ce0081.php 第 94 行.
NOTIC: [8] Undefined variable: sid H:\Phpdemo\youxuan\youxuan\Runtime\Cache\Superadmin\22f494702353d652398a2135b2ce0081.php 第 102 行.
INFO: Run Behavior\ParseTemplateBehavior [ RunTime:0.062368s ]
INFO: [ view_parse ] --END-- [ RunTime:0.062558s ]
INFO: [ view_filter ] --START--
INFO: Run Behavior\WriteHtmlCacheBehavior [ RunTime:0.001897s ]
INFO: [ view_filter ] --END-- [ RunTime:0.002064s ]
INFO: [ app_end ] --START--
INFO: Run Behavior\ShowPageTraceBehavior [ RunTime:0.002472s ]
INFO: [ app_end ] --END-- [ RunTime:0.002591s ]

[ 2018-09-12T23:56:57+08:00 ] ::1 /youxuan/youxuan/index.php/Superadmin/Configinfo/configinfo
INFO: [ app_init ] --START--
INFO: Run Behavior\BuildLiteBehavior [ RunTime:0.000021s ]
INFO: [ app_init ] --END-- [ RunTime:0.000670s ]
INFO: [ app_begin ] --START--
INFO: Run Behavior\ReadHtmlCacheBehavior [ RunTime:0.000820s ]
INFO: [ app_begin ] --END-- [ RunTime:0.000869s ]
SQL: SHOW COLUMNS FROM `yx_configinfo` [ RunTime:0.0636s ]
SQL: SELECT * FROM `yx_configinfo` WHERE ( sid=0 )  [ RunTime:0.0018s ]
INFO: [ view_parse ] --START--
INFO: [ template_filter ] --START--
INFO: Run Behavior\ContentReplaceBehavior [ RunTime:0.000361s ]
INFO: [ template_filter ] --END-- [ RunTime:0.000595s ]
NOTIC: [8] Undefined variable: title H:\Phpdemo\youxuan\youxuan\Runtime\Cache\Superadmin\d0f9942aeeff806955897fdffc676067.php 第 9 行.
NOTIC: [8] Undefined index: title H:\Phpdemo\youxuan\youxuan\Runtime\Cache\Superadmin\d0f9942aeeff806955897fdffc676067.php 第 32 行.
INFO: Run Behavior\ParseTemplateBehavior [ RunTime:0.057059s ]
INFO: [ view_parse ] --END-- [ RunTime:0.057260s ]
INFO: [ view_filter ] --START--
INFO: Run Behavior\WriteHtmlCacheBehavior [ RunTime:0.001528s ]
INFO: [ view_filter ] --END-- [ RunTime:0.001633s ]
INFO: [ app_end ] --START--
INFO: Run Behavior\ShowPageTraceBehavior [ RunTime:0.003138s ]
INFO: [ app_end ] --END-- [ RunTime:0.003379s ]

[ 2018-09-12T23:56:58+08:00 ] ::1 /youxuan/youxuan/index.php/Superadmin/Addgoods/addgoods
INFO: [ app_init ] --START--
INFO: Run Behavior\BuildLiteBehavior [ RunTime:0.000015s ]
INFO: [ app_init ] --END-- [ RunTime:0.000522s ]
INFO: [ app_begin ] --START--
INFO: Run Behavior\ReadHtmlCacheBehavior [ RunTime:0.000901s ]
INFO: [ app_begin ] --END-- [ RunTime:0.000952s ]
INFO: [ view_parse ] --START--
INFO: [ template_filter ] --START--
INFO: Run Behavior\ContentReplaceBehavior [ RunTime:0.000139s ]
INFO: [ template_filter ] --END-- [ RunTime:0.000203s ]
NOTIC: [8] Undefined variable: title H:\Phpdemo\youxuan\youxuan\Runtime\Cache\Superadmin\7c7347c8532800195c61908063cd68ca.php 第 10 行.
INFO: Run Behavior\ParseTemplateBehavior [ RunTime:0.012568s ]
INFO: [ view_parse ] --END-- [ RunTime:0.012617s ]
INFO: [ view_filter ] --START--
INFO: Run Behavior\WriteHtmlCacheBehavior [ RunTime:0.000705s ]
INFO: [ view_filter ] --END-- [ RunTime:0.000744s ]
INFO: [ app_end ] --START--
INFO: Run Behavior\ShowPageTraceBehavior [ RunTime:0.000916s ]
INFO: [ app_end ] --END-- [ RunTime:0.000971s ]

